This file contains any messages produced by compilers while
running configure, to aid debugging if configure makes a mistake.

It was created by omniORB configure 4.3.2, which was
generated by GNU Autoconf 2.71.  Invocation command line was

  $ ./configure

## --------- ##
## Platform. ##
## --------- ##

hostname = codespaces-c849c5
uname -m = x86_64
uname -r = 6.8.0-1014-azure
uname -s = Linux
uname -v = #16~22.04.1-Ubuntu SMP Thu Aug 15 21:31:41 UTC 2024

/usr/bin/uname -p = x86_64
/bin/uname -X     = unknown

/bin/arch              = x86_64
/usr/bin/arch -k       = unknown
/usr/convex/getsysinfo = unknown
/usr/bin/hostinfo      = unknown
/bin/machine           = unknown
/usr/bin/oslevel       = unknown
/bin/universe          = unknown

PATH: /usr/local/rvm/gems/ruby-3.3.4/bin/
PATH: /usr/local/rvm/gems/ruby-3.3.4@global/bin/
PATH: /usr/local/rvm/rubies/ruby-3.3.4/bin/
PATH: /vscode/bin/linux-x64/38c31bc77e0dd6ae88a4e9cc93428cc27a56ba40/bin/remote-cli/
PATH: /home/codespace/.local/bin/
PATH: /home/codespace/.dotnet/
PATH: /home/codespace/nvm/current/bin/
PATH: /home/codespace/.php/current/bin/
PATH: /home/codespace/.python/current/bin/
PATH: /home/codespace/java/current/bin/
PATH: /home/codespace/.ruby/current/bin/
PATH: /home/codespace/.local/bin/
PATH: /usr/local/python/current/bin/
PATH: /usr/local/py-utils/bin/
PATH: /usr/local/oryx/
PATH: /usr/local/go/bin/
PATH: /go/bin/
PATH: /usr/local/sdkman/bin/
PATH: /usr/local/sdkman/candidates/java/current/bin/
PATH: /usr/local/sdkman/candidates/gradle/current/bin/
PATH: /usr/local/sdkman/candidates/maven/current/bin/
PATH: /usr/local/sdkman/candidates/ant/current/bin/
PATH: /usr/local/rvm/gems/default/bin/
PATH: /usr/local/rvm/gems/default@global/bin/
PATH: /usr/local/rvm/rubies/default/bin/
PATH: /usr/local/share/rbenv/bin/
PATH: /usr/local/php/current/bin/
PATH: /opt/conda/bin/
PATH: /usr/local/nvs/
PATH: /usr/local/share/nvm/versions/node/v20.16.0/bin/
PATH: /usr/local/hugo/bin/
PATH: /usr/local/sbin/
PATH: /usr/local/bin/
PATH: /usr/sbin/
PATH: /usr/bin/
PATH: /sbin/
PATH: /bin/
PATH: /usr/share/dotnet/
PATH: /home/codespace/.dotnet/tools/
PATH: /usr/local/rvm/bin/
PATH: /opt/jacorb/bin/
PATH: /opt/jacorb/bin/


## ----------- ##
## Core tests. ##
## ----------- ##

configure:3132: looking for aux files: install-sh config.guess config.sub
configure:3145:  trying ./bin/scripts/
configure:3156:   ./bin/scripts/install-sh found
configure:3174:   ./bin/scripts/config.guess found
configure:3174:   ./bin/scripts/config.sub found
configure:3297: checking build system type
configure:3312: result: x86_64-unknown-linux-gnu
configure:3332: checking host system type
configure:3346: result: x86_64-unknown-linux-gnu
configure:3445: checking for gcc
configure:3466: found /usr/bin/gcc
configure:3477: result: gcc
configure:3830: checking for C compiler version
configure:3839: gcc --version >&5
gcc (Ubuntu 9.4.0-1ubuntu1~20.04.2) 9.4.0
Copyright (C) 2019 Free Software Foundation, Inc.
This is free software; see the source for copying conditions.  There is NO
warranty; not even for MERCHANTABILITY or FITNESS FOR A PARTICULAR PURPOSE.

configure:3850: $? = 0
configure:3839: gcc -v >&5
Using built-in specs.
COLLECT_GCC=gcc
COLLECT_LTO_WRAPPER=/usr/lib/gcc/x86_64-linux-gnu/9/lto-wrapper
OFFLOAD_TARGET_NAMES=nvptx-none:hsa
OFFLOAD_TARGET_DEFAULT=1
Target: x86_64-linux-gnu
Configured with: ../src/configure -v --with-pkgversion='Ubuntu 9.4.0-1ubuntu1~20.04.2' --with-bugurl=file:///usr/share/doc/gcc-9/README.Bugs --enable-languages=c,ada,c++,go,brig,d,fortran,objc,obj-c++,gm2 --prefix=/usr --with-gcc-major-version-only --program-suffix=-9 --program-prefix=x86_64-linux-gnu- --enable-shared --enable-linker-build-id --libexecdir=/usr/lib --without-included-gettext --enable-threads=posix --libdir=/usr/lib --enable-nls --enable-clocale=gnu --enable-libstdcxx-debug --enable-libstdcxx-time=yes --with-default-libstdcxx-abi=new --enable-gnu-unique-object --disable-vtable-verify --enable-plugin --enable-default-pie --with-system-zlib --with-target-system-zlib=auto --enable-objc-gc=auto --enable-multiarch --disable-werror --with-arch-32=i686 --with-abi=m64 --with-multilib-list=m32,m64,mx32 --enable-multilib --with-tune=generic --enable-offload-targets=nvptx-none=/build/gcc-9-9QDOt0/gcc-9-9.4.0/debian/tmp-nvptx/usr,hsa --without-cuda-driver --enable-checking=release --build=x86_64-linux-gnu --host=x86_64-linux-gnu --target=x86_64-linux-gnu
Thread model: posix
gcc version 9.4.0 (Ubuntu 9.4.0-1ubuntu1~20.04.2) 
configure:3850: $? = 0
configure:3839: gcc -V >&5
gcc: error: unrecognized command line option '-V'
gcc: fatal error: no input files
compilation terminated.
configure:3850: $? = 1
configure:3839: gcc -qversion >&5
gcc: error: unrecognized command line option '-qversion'; did you mean '--version'?
gcc: fatal error: no input files
compilation terminated.
configure:3850: $? = 1
configure:3839: gcc -version >&5
gcc: error: unrecognized command line option '-version'
gcc: fatal error: no input files
compilation terminated.
configure:3850: $? = 1
configure:3870: checking whether the C compiler works
configure:3892: gcc -O   conftest.c  >&5
configure:3896: $? = 0
configure:3946: result: yes
configure:3949: checking for C compiler default output file name
configure:3951: result: a.out
configure:3957: checking for suffix of executables
configure:3964: gcc -o conftest -O   conftest.c  >&5
configure:3968: $? = 0
configure:3991: result: 
configure:4013: checking whether we are cross compiling
configure:4021: gcc -o conftest -O   conftest.c  >&5
configure:4025: $? = 0
configure:4032: ./conftest
configure:4036: $? = 0
configure:4024: result: no
configure:4029: checking for suffix of object files
configure:4052: gcc -c -O  conftest.c >&5
configure:4056: $? = 0
configure:4078: result: o
configure:4082: checking whether the compiler supports GNU C
configure:4102: gcc -c -O  conftest.c >&5
configure:4102: $? = 0
configure:4112: result: yes
configure:4123: checking whether gcc accepts -g
configure:4144: gcc -c -g  conftest.c >&5
configure:4144: $? = 0
configure:4188: result: yes
configure:4208: checking for gcc option to enable C11 features
configure:4223: gcc  -c -O  conftest.c >&5
configure:4223: $? = 0
configure:4241: result: none needed
configure:4420: checking for g++
configure:4441: found /usr/bin/g++
configure:4452: result: g++
configure:4479: checking for C++ compiler version
configure:4488: g++ --version >&5
g++ (Ubuntu 9.4.0-1ubuntu1~20.04.2) 9.4.0
Copyright (C) 2019 Free Software Foundation, Inc.
This is free software; see the source for copying conditions.  There is NO
warranty; not even for MERCHANTABILITY or FITNESS FOR A PARTICULAR PURPOSE.

configure:4499: $? = 0
configure:4488: g++ -v >&5
Using built-in specs.
COLLECT_GCC=g++
COLLECT_LTO_WRAPPER=/usr/lib/gcc/x86_64-linux-gnu/9/lto-wrapper
OFFLOAD_TARGET_NAMES=nvptx-none:hsa
OFFLOAD_TARGET_DEFAULT=1
Target: x86_64-linux-gnu
Configured with: ../src/configure -v --with-pkgversion='Ubuntu 9.4.0-1ubuntu1~20.04.2' --with-bugurl=file:///usr/share/doc/gcc-9/README.Bugs --enable-languages=c,ada,c++,go,brig,d,fortran,objc,obj-c++,gm2 --prefix=/usr --with-gcc-major-version-only --program-suffix=-9 --program-prefix=x86_64-linux-gnu- --enable-shared --enable-linker-build-id --libexecdir=/usr/lib --without-included-gettext --enable-threads=posix --libdir=/usr/lib --enable-nls --enable-clocale=gnu --enable-libstdcxx-debug --enable-libstdcxx-time=yes --with-default-libstdcxx-abi=new --enable-gnu-unique-object --disable-vtable-verify --enable-plugin --enable-default-pie --with-system-zlib --with-target-system-zlib=auto --enable-objc-gc=auto --enable-multiarch --disable-werror --with-arch-32=i686 --with-abi=m64 --with-multilib-list=m32,m64,mx32 --enable-multilib --with-tune=generic --enable-offload-targets=nvptx-none=/build/gcc-9-9QDOt0/gcc-9-9.4.0/debian/tmp-nvptx/usr,hsa --without-cuda-driver --enable-checking=release --build=x86_64-linux-gnu --host=x86_64-linux-gnu --target=x86_64-linux-gnu
Thread model: posix
gcc version 9.4.0 (Ubuntu 9.4.0-1ubuntu1~20.04.2) 
configure:4499: $? = 0
configure:4488: g++ -V >&5
g++: error: unrecognized command line option '-V'
g++: fatal error: no input files
compilation terminated.
configure:4499: $? = 1
configure:4488: g++ -qversion >&5
g++: error: unrecognized command line option '-qversion'; did you mean '--version'?
g++: fatal error: no input files
compilation terminated.
configure:4499: $? = 1
configure:4503: checking whether the compiler supports GNU C++
configure:4523: g++ -c -O3  conftest.cpp >&5
configure:4523: $? = 0
configure:4533: result: yes
configure:4544: checking whether g++ accepts -g
configure:4565: g++ -c -g  conftest.cpp >&5
configure:4565: $? = 0
configure:4609: result: yes
configure:4629: checking for g++ option to enable C++11 features
configure:4644: g++  -c -O3  conftest.cpp >&5
configure:4644: $? = 0
configure:4662: result: none needed
configure:4731: checking how to run the C preprocessor
configure:4757: gcc -E  conftest.c
configure:4757: $? = 0
configure:4772: gcc -E  conftest.c
conftest.c:9:10: fatal error: ac_nonexistent.h: No such file or directory
    9 | #include <ac_nonexistent.h>
      |          ^~~~~~~~~~~~~~~~~~
compilation terminated.
configure:4772: $? = 1
configure: failed program was:
| /* confdefs.h */
| #define PACKAGE_NAME "omniORB"
| #define PACKAGE_TARNAME "omniorb"
| #define PACKAGE_VERSION "4.3.2"
| #define PACKAGE_STRING "omniORB 4.3.2"
| #define PACKAGE_BUGREPORT "bugs@omniorb-support.com"
| #define PACKAGE_URL ""
| /* end confdefs.h.  */
| #include <ac_nonexistent.h>
configure:4799: result: gcc -E
configure:4813: gcc -E  conftest.c
configure:4813: $? = 0
configure:4828: gcc -E  conftest.c
conftest.c:9:10: fatal error: ac_nonexistent.h: No such file or directory
    9 | #include <ac_nonexistent.h>
      |          ^~~~~~~~~~~~~~~~~~
compilation terminated.
configure:4828: $? = 1
configure: failed program was:
| /* confdefs.h */
| #define PACKAGE_NAME "omniORB"
| #define PACKAGE_TARNAME "omniorb"
| #define PACKAGE_VERSION "4.3.2"
| #define PACKAGE_STRING "omniORB 4.3.2"
| #define PACKAGE_BUGREPORT "bugs@omniorb-support.com"
| #define PACKAGE_URL ""
| /* end confdefs.h.  */
| #include <ac_nonexistent.h>
configure:4906: checking for ranlib
configure:4927: found /usr/bin/ranlib
configure:4938: result: ranlib
configure:4975: checking for a BSD-compatible install
configure:5048: result: /usr/bin/install -c
configure:5059: checking whether make sets $(MAKE)
configure:5082: result: yes
configure:5104: checking for python
configure:5127: found /home/codespace/.python/current/bin/python
configure:5139: result: /home/codespace/.python/current/bin/python
configure:5159: checking for python version
configure:5167: result: 3.12
configure:5172: checking for python platform
configure:5180: result: linux
configure:5241: checking for GNU default python prefix
configure:5243: result: ${prefix}
configure:5309: checking for GNU default python exec_prefix
configure:5311: result: ${exec_prefix}
configure:5342: checking for python script directory (pythondir)
configure:5377: result: ${PYTHON_PREFIX}/lib/python3.12/site-packages
configure:5385: checking for python extension module directory (pyexecdir)
configure:5420: result: ${PYTHON_EXEC_PREFIX}/lib/python3.12/site-packages
configure:5442: checking for pkg-config
configure:5465: found /usr/bin/pkg-config
configure:5478: result: /usr/bin/pkg-config
configure:5724: checking pkg-config is at least version 0.9.0
configure:5727: result: yes
configure:5735: checking for OpenSSL root
configure:5752: result: no
configure:5916: checking for stdio.h
configure:5916: g++ -c -O3  conftest.cpp >&5
configure:5916: $? = 0
configure:5916: result: yes
configure:5916: checking for stdlib.h
configure:5916: g++ -c -O3  conftest.cpp >&5
configure:5916: $? = 0
configure:5916: result: yes
configure:5916: checking for string.h
configure:5916: g++ -c -O3  conftest.cpp >&5
configure:5916: $? = 0
configure:5916: result: yes
configure:5916: checking for inttypes.h
configure:5916: g++ -c -O3  conftest.cpp >&5
configure:5916: $? = 0
configure:5916: result: yes
configure:5916: checking for stdint.h
configure:5916: g++ -c -O3  conftest.cpp >&5
configure:5916: $? = 0
configure:5916: result: yes
configure:5916: checking for strings.h
configure:5916: g++ -c -O3  conftest.cpp >&5
configure:5916: $? = 0
configure:5916: result: yes
configure:5916: checking for sys/stat.h
configure:5916: g++ -c -O3  conftest.cpp >&5
configure:5916: $? = 0
configure:5916: result: yes
configure:5916: checking for sys/types.h
configure:5916: g++ -c -O3  conftest.cpp >&5
configure:5916: $? = 0
configure:5916: result: yes
configure:5916: checking for unistd.h
configure:5916: g++ -c -O3  conftest.cpp >&5
configure:5916: $? = 0
configure:5916: result: yes
configure:5941: checking for errno.h
configure:5941: g++ -c -O3  conftest.cpp >&5
configure:5941: $? = 0
configure:5941: result: yes
configure:5947: checking for fcntl.h
configure:5947: g++ -c -O3  conftest.cpp >&5
configure:5947: $? = 0
configure:5947: result: yes
configure:5953: checking for netdb.h
configure:5953: g++ -c -O3  conftest.cpp >&5
configure:5953: $? = 0
configure:5953: result: yes
configure:5959: checking for signal.h
configure:5959: g++ -c -O3  conftest.cpp >&5
configure:5959: $? = 0
configure:5959: result: yes
configure:5965: checking for stdlib.h
configure:5965: result: yes
configure:5971: checking for string.h
configure:5971: result: yes
configure:5977: checking for strings.h
configure:5977: result: yes
configure:5984: checking for unistd.h
configure:5984: result: yes
configure:5990: checking for nan.h
configure:5990: g++ -c -O3  conftest.cpp >&5
conftest.cpp:55:10: fatal error: nan.h: No such file or directory
   55 | #include <nan.h>
      |          ^~~~~~~
compilation terminated.
configure:5990: $? = 1
configure: failed program was:
| /* confdefs.h */
| #define PACKAGE_NAME "omniORB"
| #define PACKAGE_TARNAME "omniorb"
| #define PACKAGE_VERSION "4.3.2"
| #define PACKAGE_STRING "omniORB 4.3.2"
| #define PACKAGE_BUGREPORT "bugs@omniorb-support.com"
| #define PACKAGE_URL ""
| #define HAVE_STDIO_H 1
| #define HAVE_STDLIB_H 1
| #define HAVE_STRING_H 1
| #define HAVE_INTTYPES_H 1
| #define HAVE_STDINT_H 1
| #define HAVE_STRINGS_H 1
| #define HAVE_SYS_STAT_H 1
| #define HAVE_SYS_TYPES_H 1
| #define HAVE_UNISTD_H 1
| #define STDC_HEADERS 1
| #define HAVE_ERRNO_H 1
| #define HAVE_FCNTL_H 1
| #define HAVE_NETDB_H 1
| #define HAVE_SIGNAL_H 1
| #define HAVE_STDLIB_H 1
| #define HAVE_STRING_H 1
| #define HAVE_STRINGS_H 1
| #define HAVE_UNISTD_H 1
| /* end confdefs.h.  */
| #include <stddef.h>
| #ifdef HAVE_STDIO_H
| # include <stdio.h>
| #endif
| #ifdef HAVE_STDLIB_H
| # include <stdlib.h>
| #endif
| #ifdef HAVE_STRING_H
| # include <string.h>
| #endif
| #ifdef HAVE_INTTYPES_H
| # include <inttypes.h>
| #endif
| #ifdef HAVE_STDINT_H
| # include <stdint.h>
| #endif
| #ifdef HAVE_STRINGS_H
| # include <strings.h>
| #endif
| #ifdef HAVE_SYS_TYPES_H
| # include <sys/types.h>
| #endif
| #ifdef HAVE_SYS_STAT_H
| # include <sys/stat.h>
| #endif
| #ifdef HAVE_UNISTD_H
| # include <unistd.h>
| #endif
| #include <nan.h>
configure:5990: result: no
configure:5996: checking for sys/if.h
configure:5996: g++ -c -O3  conftest.cpp >&5
conftest.cpp:55:10: fatal error: sys/if.h: No such file or directory
   55 | #include <sys/if.h>
      |          ^~~~~~~~~~
compilation terminated.
configure:5996: $? = 1
configure: failed program was:
| /* confdefs.h */
| #define PACKAGE_NAME "omniORB"
| #define PACKAGE_TARNAME "omniorb"
| #define PACKAGE_VERSION "4.3.2"
| #define PACKAGE_STRING "omniORB 4.3.2"
| #define PACKAGE_BUGREPORT "bugs@omniorb-support.com"
| #define PACKAGE_URL ""
| #define HAVE_STDIO_H 1
| #define HAVE_STDLIB_H 1
| #define HAVE_STRING_H 1
| #define HAVE_INTTYPES_H 1
| #define HAVE_STDINT_H 1
| #define HAVE_STRINGS_H 1
| #define HAVE_SYS_STAT_H 1
| #define HAVE_SYS_TYPES_H 1
| #define HAVE_UNISTD_H 1
| #define STDC_HEADERS 1
| #define HAVE_ERRNO_H 1
| #define HAVE_FCNTL_H 1
| #define HAVE_NETDB_H 1
| #define HAVE_SIGNAL_H 1
| #define HAVE_STDLIB_H 1
| #define HAVE_STRING_H 1
| #define HAVE_STRINGS_H 1
| #define HAVE_UNISTD_H 1
| /* end confdefs.h.  */
| #include <stddef.h>
| #ifdef HAVE_STDIO_H
| # include <stdio.h>
| #endif
| #ifdef HAVE_STDLIB_H
| # include <stdlib.h>
| #endif
| #ifdef HAVE_STRING_H
| # include <string.h>
| #endif
| #ifdef HAVE_INTTYPES_H
| # include <inttypes.h>
| #endif
| #ifdef HAVE_STDINT_H
| # include <stdint.h>
| #endif
| #ifdef HAVE_STRINGS_H
| # include <strings.h>
| #endif
| #ifdef HAVE_SYS_TYPES_H
| # include <sys/types.h>
| #endif
| #ifdef HAVE_SYS_STAT_H
| # include <sys/stat.h>
| #endif
| #ifdef HAVE_UNISTD_H
| # include <unistd.h>
| #endif
| #include <sys/if.h>
configure:5996: result: no
configure:6002: checking for sys/ioctl.h
configure:6002: g++ -c -O3  conftest.cpp >&5
configure:6002: $? = 0
configure:6002: result: yes
configure:6008: checking for sys/param.h
configure:6008: g++ -c -O3  conftest.cpp >&5
configure:6008: $? = 0
configure:6008: result: yes
configure:6014: checking for sys/time.h
configure:6014: g++ -c -O3  conftest.cpp >&5
configure:6014: $? = 0
configure:6014: result: yes
configure:6021: checking for sys/poll.h
configure:6021: g++ -c -O3  conftest.cpp >&5
configure:6021: $? = 0
configure:6021: result: yes
configure:6027: checking for ifaddrs.h
configure:6027: g++ -c -O3  conftest.cpp >&5
configure:6027: $? = 0
configure:6027: result: yes
configure:6033: checking for zlib.h
configure:6033: g++ -c -O3  conftest.cpp >&5
configure:6033: $? = 0
configure:6033: result: yes
configure:6039: checking for zstd.h
configure:6039: g++ -c -O3  conftest.cpp >&5
conftest.cpp:61:10: fatal error: zstd.h: No such file or directory
   61 | #include <zstd.h>
      |          ^~~~~~~~
compilation terminated.
configure:6039: $? = 1
configure: failed program was:
| /* confdefs.h */
| #define PACKAGE_NAME "omniORB"
| #define PACKAGE_TARNAME "omniorb"
| #define PACKAGE_VERSION "4.3.2"
| #define PACKAGE_STRING "omniORB 4.3.2"
| #define PACKAGE_BUGREPORT "bugs@omniorb-support.com"
| #define PACKAGE_URL ""
| #define HAVE_STDIO_H 1
| #define HAVE_STDLIB_H 1
| #define HAVE_STRING_H 1
| #define HAVE_INTTYPES_H 1
| #define HAVE_STDINT_H 1
| #define HAVE_STRINGS_H 1
| #define HAVE_SYS_STAT_H 1
| #define HAVE_SYS_TYPES_H 1
| #define HAVE_UNISTD_H 1
| #define STDC_HEADERS 1
| #define HAVE_ERRNO_H 1
| #define HAVE_FCNTL_H 1
| #define HAVE_NETDB_H 1
| #define HAVE_SIGNAL_H 1
| #define HAVE_STDLIB_H 1
| #define HAVE_STRING_H 1
| #define HAVE_STRINGS_H 1
| #define HAVE_UNISTD_H 1
| #define HAVE_SYS_IOCTL_H 1
| #define HAVE_SYS_PARAM_H 1
| #define HAVE_SYS_TIME_H 1
| #define HAVE_SYS_POLL_H 1
| #define HAVE_IFADDRS_H 1
| #define HAVE_ZLIB_H 1
| /* end confdefs.h.  */
| #include <stddef.h>
| #ifdef HAVE_STDIO_H
| # include <stdio.h>
| #endif
| #ifdef HAVE_STDLIB_H
| # include <stdlib.h>
| #endif
| #ifdef HAVE_STRING_H
| # include <string.h>
| #endif
| #ifdef HAVE_INTTYPES_H
| # include <inttypes.h>
| #endif
| #ifdef HAVE_STDINT_H
| # include <stdint.h>
| #endif
| #ifdef HAVE_STRINGS_H
| # include <strings.h>
| #endif
| #ifdef HAVE_SYS_TYPES_H
| # include <sys/types.h>
| #endif
| #ifdef HAVE_SYS_STAT_H
| # include <sys/stat.h>
| #endif
| #ifdef HAVE_UNISTD_H
| # include <unistd.h>
| #endif
| #include <zstd.h>
configure:6039: result: no
configure:6049: checking whether byte ordering is bigendian
configure:6065: g++ -c -O3  conftest.cpp >&5
conftest.cpp:34:9: error: expected unqualified-id before 'not' token
   34 |         not a universal capable compiler
      |         ^~~
configure:6065: $? = 1
configure: failed program was:
| /* confdefs.h */
| #define PACKAGE_NAME "omniORB"
| #define PACKAGE_TARNAME "omniorb"
| #define PACKAGE_VERSION "4.3.2"
| #define PACKAGE_STRING "omniORB 4.3.2"
| #define PACKAGE_BUGREPORT "bugs@omniorb-support.com"
| #define PACKAGE_URL ""
| #define HAVE_STDIO_H 1
| #define HAVE_STDLIB_H 1
| #define HAVE_STRING_H 1
| #define HAVE_INTTYPES_H 1
| #define HAVE_STDINT_H 1
| #define HAVE_STRINGS_H 1
| #define HAVE_SYS_STAT_H 1
| #define HAVE_SYS_TYPES_H 1
| #define HAVE_UNISTD_H 1
| #define STDC_HEADERS 1
| #define HAVE_ERRNO_H 1
| #define HAVE_FCNTL_H 1
| #define HAVE_NETDB_H 1
| #define HAVE_SIGNAL_H 1
| #define HAVE_STDLIB_H 1
| #define HAVE_STRING_H 1
| #define HAVE_STRINGS_H 1
| #define HAVE_UNISTD_H 1
| #define HAVE_SYS_IOCTL_H 1
| #define HAVE_SYS_PARAM_H 1
| #define HAVE_SYS_TIME_H 1
| #define HAVE_SYS_POLL_H 1
| #define HAVE_IFADDRS_H 1
| #define HAVE_ZLIB_H 1
| /* end confdefs.h.  */
| #ifndef __APPLE_CC__
| 	       not a universal capable compiler
| 	     #endif
| 	     typedef int dummy;
| 
configure:6111: g++ -c -O3  conftest.cpp >&5
configure:6111: $? = 0
configure:6130: g++ -c -O3  conftest.cpp >&5
conftest.cpp: In function 'int main()':
conftest.cpp:40:8: error: 'big' was not declared in this scope
   40 |    not big endian
      |        ^~~
configure:6130: $? = 1
configure: failed program was:
| /* confdefs.h */
| #define PACKAGE_NAME "omniORB"
| #define PACKAGE_TARNAME "omniorb"
| #define PACKAGE_VERSION "4.3.2"
| #define PACKAGE_STRING "omniORB 4.3.2"
| #define PACKAGE_BUGREPORT "bugs@omniorb-support.com"
| #define PACKAGE_URL ""
| #define HAVE_STDIO_H 1
| #define HAVE_STDLIB_H 1
| #define HAVE_STRING_H 1
| #define HAVE_INTTYPES_H 1
| #define HAVE_STDINT_H 1
| #define HAVE_STRINGS_H 1
| #define HAVE_SYS_STAT_H 1
| #define HAVE_SYS_TYPES_H 1
| #define HAVE_UNISTD_H 1
| #define STDC_HEADERS 1
| #define HAVE_ERRNO_H 1
| #define HAVE_FCNTL_H 1
| #define HAVE_NETDB_H 1
| #define HAVE_SIGNAL_H 1
| #define HAVE_STDLIB_H 1
| #define HAVE_STRING_H 1
| #define HAVE_STRINGS_H 1
| #define HAVE_UNISTD_H 1
| #define HAVE_SYS_IOCTL_H 1
| #define HAVE_SYS_PARAM_H 1
| #define HAVE_SYS_TIME_H 1
| #define HAVE_SYS_POLL_H 1
| #define HAVE_IFADDRS_H 1
| #define HAVE_ZLIB_H 1
| /* end confdefs.h.  */
| #include <sys/types.h>
| 		#include <sys/param.h>
| 
| int
| main (void)
| {
| #if BYTE_ORDER != BIG_ENDIAN
| 		 not big endian
| 		#endif
| 
|   ;
|   return 0;
| }
configure:6264: result: no
configure:6286: checking size of char
configure:6292: g++ -o conftest -O3   conftest.cpp  >&5
configure:6292: $? = 0
configure:6292: ./conftest
configure:6292: $? = 0
configure:6307: result: 1
configure:6319: checking size of unsigned char
configure:6325: g++ -o conftest -O3   conftest.cpp  >&5
configure:6325: $? = 0
configure:6325: ./conftest
configure:6325: $? = 0
configure:6340: result: 1
configure:6352: checking size of bool
configure:6358: g++ -o conftest -O3   conftest.cpp  >&5
configure:6358: $? = 0
configure:6358: ./conftest
configure:6358: $? = 0
configure:6373: result: 1
configure:6385: checking size of short
configure:6391: g++ -o conftest -O3   conftest.cpp  >&5
configure:6391: $? = 0
configure:6391: ./conftest
configure:6391: $? = 0
configure:6406: result: 2
configure:6418: checking size of int
configure:6424: g++ -o conftest -O3   conftest.cpp  >&5
configure:6424: $? = 0
configure:6424: ./conftest
configure:6424: $? = 0
configure:6439: result: 4
configure:6451: checking size of long
configure:6457: g++ -o conftest -O3   conftest.cpp  >&5
configure:6457: $? = 0
configure:6457: ./conftest
configure:6457: $? = 0
configure:6472: result: 8
configure:6484: checking size of long long
configure:6490: g++ -o conftest -O3   conftest.cpp  >&5
configure:6490: $? = 0
configure:6490: ./conftest
configure:6490: $? = 0
configure:6505: result: 8
configure:6517: checking size of float
configure:6523: g++ -o conftest -O3   conftest.cpp  >&5
configure:6523: $? = 0
configure:6523: ./conftest
configure:6523: $? = 0
configure:6538: result: 4
configure:6550: checking size of double
configure:6556: g++ -o conftest -O3   conftest.cpp  >&5
configure:6556: $? = 0
configure:6556: ./conftest
configure:6556: $? = 0
configure:6571: result: 8
configure:6583: checking size of long double
configure:6589: g++ -o conftest -O3   conftest.cpp  >&5
configure:6589: $? = 0
configure:6589: ./conftest
configure:6589: $? = 0
configure:6604: result: 16
configure:6616: checking size of wchar_t
configure:6622: g++ -o conftest -O3   conftest.cpp  >&5
configure:6622: $? = 0
configure:6622: ./conftest
configure:6622: $? = 0
configure:6637: result: 4
configure:6649: checking size of void*
configure:6655: g++ -o conftest -O3   conftest.cpp  >&5
configure:6655: $? = 0
configure:6655: ./conftest
configure:6655: $? = 0
configure:6670: result: 8
configure:6681: checking for struct sockaddr_in6
configure:6681: g++ -c -O3  conftest.cpp >&5
configure:6681: $? = 0
configure:6681: g++ -c -O3  conftest.cpp >&5
conftest.cpp: In function 'int main()':
conftest.cpp:53:14: error: expected primary-expression before 'struct'
   53 | if (sizeof ((struct sockaddr_in6)))
      |              ^~~~~~
conftest.cpp:53:14: error: expected ')' before 'struct'
   53 | if (sizeof ((struct sockaddr_in6)))
      |             ~^~~~~~
      |              )
conftest.cpp:54:14: error: expected ')' before ';' token
   54 |      return 0;
      |              ^
      |              )
conftest.cpp:53:12: note: to match this '('
   53 | if (sizeof ((struct sockaddr_in6)))
      |            ^
conftest.cpp:54:14: error: expected ')' before ';' token
   54 |      return 0;
      |              ^
      |              )
conftest.cpp:53:4: note: to match this '('
   53 | if (sizeof ((struct sockaddr_in6)))
      |    ^
configure:6681: $? = 1
configure: failed program was:
| /* confdefs.h */
| #define PACKAGE_NAME "omniORB"
| #define PACKAGE_TARNAME "omniorb"
| #define PACKAGE_VERSION "4.3.2"
| #define PACKAGE_STRING "omniORB 4.3.2"
| #define PACKAGE_BUGREPORT "bugs@omniorb-support.com"
| #define PACKAGE_URL ""
| #define HAVE_STDIO_H 1
| #define HAVE_STDLIB_H 1
| #define HAVE_STRING_H 1
| #define HAVE_INTTYPES_H 1
| #define HAVE_STDINT_H 1
| #define HAVE_STRINGS_H 1
| #define HAVE_SYS_STAT_H 1
| #define HAVE_SYS_TYPES_H 1
| #define HAVE_UNISTD_H 1
| #define STDC_HEADERS 1
| #define HAVE_ERRNO_H 1
| #define HAVE_FCNTL_H 1
| #define HAVE_NETDB_H 1
| #define HAVE_SIGNAL_H 1
| #define HAVE_STDLIB_H 1
| #define HAVE_STRING_H 1
| #define HAVE_STRINGS_H 1
| #define HAVE_UNISTD_H 1
| #define HAVE_SYS_IOCTL_H 1
| #define HAVE_SYS_PARAM_H 1
| #define HAVE_SYS_TIME_H 1
| #define HAVE_SYS_POLL_H 1
| #define HAVE_IFADDRS_H 1
| #define HAVE_ZLIB_H 1
| #define SIZEOF_CHAR 1
| #define SIZEOF_UNSIGNED_CHAR 1
| #define SIZEOF_BOOL 1
| #define SIZEOF_SHORT 2
| #define SIZEOF_INT 4
| #define SIZEOF_LONG 8
| #define SIZEOF_LONG_LONG 8
| #define SIZEOF_FLOAT 4
| #define SIZEOF_DOUBLE 8
| #define SIZEOF_LONG_DOUBLE 16
| #define SIZEOF_WCHAR_T 4
| #define SIZEOF_VOIDP 8
| /* end confdefs.h.  */
| #include <sys/types.h>
| #include <sys/socket.h>
| #include <net/if.h>
| #include <netinet/in.h>
| 
| int
| main (void)
| {
| if (sizeof ((struct sockaddr_in6)))
| 	    return 0;
|   ;
|   return 0;
| }
configure:6681: result: yes
configure:6693: checking for struct sockaddr_storage
configure:6693: g++ -c -O3  conftest.cpp >&5
configure:6693: $? = 0
configure:6693: g++ -c -O3  conftest.cpp >&5
conftest.cpp: In function 'int main()':
conftest.cpp:54:14: error: expected primary-expression before 'struct'
   54 | if (sizeof ((struct sockaddr_storage)))
      |              ^~~~~~
conftest.cpp:54:14: error: expected ')' before 'struct'
   54 | if (sizeof ((struct sockaddr_storage)))
      |             ~^~~~~~
      |              )
conftest.cpp:55:14: error: expected ')' before ';' token
   55 |      return 0;
      |              ^
      |              )
conftest.cpp:54:12: note: to match this '('
   54 | if (sizeof ((struct sockaddr_storage)))
      |            ^
conftest.cpp:55:14: error: expected ')' before ';' token
   55 |      return 0;
      |              ^
      |              )
conftest.cpp:54:4: note: to match this '('
   54 | if (sizeof ((struct sockaddr_storage)))
      |    ^
configure:6693: $? = 1
configure: failed program was:
| /* confdefs.h */
| #define PACKAGE_NAME "omniORB"
| #define PACKAGE_TARNAME "omniorb"
| #define PACKAGE_VERSION "4.3.2"
| #define PACKAGE_STRING "omniORB 4.3.2"
| #define PACKAGE_BUGREPORT "bugs@omniorb-support.com"
| #define PACKAGE_URL ""
| #define HAVE_STDIO_H 1
| #define HAVE_STDLIB_H 1
| #define HAVE_STRING_H 1
| #define HAVE_INTTYPES_H 1
| #define HAVE_STDINT_H 1
| #define HAVE_STRINGS_H 1
| #define HAVE_SYS_STAT_H 1
| #define HAVE_SYS_TYPES_H 1
| #define HAVE_UNISTD_H 1
| #define STDC_HEADERS 1
| #define HAVE_ERRNO_H 1
| #define HAVE_FCNTL_H 1
| #define HAVE_NETDB_H 1
| #define HAVE_SIGNAL_H 1
| #define HAVE_STDLIB_H 1
| #define HAVE_STRING_H 1
| #define HAVE_STRINGS_H 1
| #define HAVE_UNISTD_H 1
| #define HAVE_SYS_IOCTL_H 1
| #define HAVE_SYS_PARAM_H 1
| #define HAVE_SYS_TIME_H 1
| #define HAVE_SYS_POLL_H 1
| #define HAVE_IFADDRS_H 1
| #define HAVE_ZLIB_H 1
| #define SIZEOF_CHAR 1
| #define SIZEOF_UNSIGNED_CHAR 1
| #define SIZEOF_BOOL 1
| #define SIZEOF_SHORT 2
| #define SIZEOF_INT 4
| #define SIZEOF_LONG 8
| #define SIZEOF_LONG_LONG 8
| #define SIZEOF_FLOAT 4
| #define SIZEOF_DOUBLE 8
| #define SIZEOF_LONG_DOUBLE 16
| #define SIZEOF_WCHAR_T 4
| #define SIZEOF_VOIDP 8
| #define HAVE_STRUCT_SOCKADDR_IN6 1
| /* end confdefs.h.  */
| #include <sys/types.h>
| #include <sys/socket.h>
| #include <net/if.h>
| #include <netinet/in.h>
| 
| int
| main (void)
| {
| if (sizeof ((struct sockaddr_storage)))
| 	    return 0;
|   ;
|   return 0;
| }
configure:6693: result: yes
configure:6705: checking for struct lifconf
configure:6705: g++ -c -O3  conftest.cpp >&5
conftest.cpp: In function 'int main()':
conftest.cpp:55:27: error: invalid application of 'sizeof' to incomplete type 'main()::lifconf'
   55 | if (sizeof (struct lifconf))
      |                           ^
configure:6705: $? = 1
configure: failed program was:
| /* confdefs.h */
| #define PACKAGE_NAME "omniORB"
| #define PACKAGE_TARNAME "omniorb"
| #define PACKAGE_VERSION "4.3.2"
| #define PACKAGE_STRING "omniORB 4.3.2"
| #define PACKAGE_BUGREPORT "bugs@omniorb-support.com"
| #define PACKAGE_URL ""
| #define HAVE_STDIO_H 1
| #define HAVE_STDLIB_H 1
| #define HAVE_STRING_H 1
| #define HAVE_INTTYPES_H 1
| #define HAVE_STDINT_H 1
| #define HAVE_STRINGS_H 1
| #define HAVE_SYS_STAT_H 1
| #define HAVE_SYS_TYPES_H 1
| #define HAVE_UNISTD_H 1
| #define STDC_HEADERS 1
| #define HAVE_ERRNO_H 1
| #define HAVE_FCNTL_H 1
| #define HAVE_NETDB_H 1
| #define HAVE_SIGNAL_H 1
| #define HAVE_STDLIB_H 1
| #define HAVE_STRING_H 1
| #define HAVE_STRINGS_H 1
| #define HAVE_UNISTD_H 1
| #define HAVE_SYS_IOCTL_H 1
| #define HAVE_SYS_PARAM_H 1
| #define HAVE_SYS_TIME_H 1
| #define HAVE_SYS_POLL_H 1
| #define HAVE_IFADDRS_H 1
| #define HAVE_ZLIB_H 1
| #define SIZEOF_CHAR 1
| #define SIZEOF_UNSIGNED_CHAR 1
| #define SIZEOF_BOOL 1
| #define SIZEOF_SHORT 2
| #define SIZEOF_INT 4
| #define SIZEOF_LONG 8
| #define SIZEOF_LONG_LONG 8
| #define SIZEOF_FLOAT 4
| #define SIZEOF_DOUBLE 8
| #define SIZEOF_LONG_DOUBLE 16
| #define SIZEOF_WCHAR_T 4
| #define SIZEOF_VOIDP 8
| #define HAVE_STRUCT_SOCKADDR_IN6 1
| #define HAVE_STRUCT_SOCKADDR_STORAGE 1
| /* end confdefs.h.  */
| #include <sys/types.h>
| #include <sys/socket.h>
| #include <net/if.h>
| #include <netinet/in.h>
| 
| int
| main (void)
| {
| if (sizeof (struct lifconf))
| 	 return 0;
|   ;
|   return 0;
| }
configure:6705: result: no
configure:6719: checking for struct sockaddr_in.sin_len
configure:6719: g++ -c -O3  conftest.cpp >&5
conftest.cpp: In function 'int main()':
conftest.cpp:55:13: error: 'struct sockaddr_in' has no member named 'sin_len'
   55 | if (ac_aggr.sin_len)
      |             ^~~~~~~
configure:6719: $? = 1
configure: failed program was:
| /* confdefs.h */
| #define PACKAGE_NAME "omniORB"
| #define PACKAGE_TARNAME "omniorb"
| #define PACKAGE_VERSION "4.3.2"
| #define PACKAGE_STRING "omniORB 4.3.2"
| #define PACKAGE_BUGREPORT "bugs@omniorb-support.com"
| #define PACKAGE_URL ""
| #define HAVE_STDIO_H 1
| #define HAVE_STDLIB_H 1
| #define HAVE_STRING_H 1
| #define HAVE_INTTYPES_H 1
| #define HAVE_STDINT_H 1
| #define HAVE_STRINGS_H 1
| #define HAVE_SYS_STAT_H 1
| #define HAVE_SYS_TYPES_H 1
| #define HAVE_UNISTD_H 1
| #define STDC_HEADERS 1
| #define HAVE_ERRNO_H 1
| #define HAVE_FCNTL_H 1
| #define HAVE_NETDB_H 1
| #define HAVE_SIGNAL_H 1
| #define HAVE_STDLIB_H 1
| #define HAVE_STRING_H 1
| #define HAVE_STRINGS_H 1
| #define HAVE_UNISTD_H 1
| #define HAVE_SYS_IOCTL_H 1
| #define HAVE_SYS_PARAM_H 1
| #define HAVE_SYS_TIME_H 1
| #define HAVE_SYS_POLL_H 1
| #define HAVE_IFADDRS_H 1
| #define HAVE_ZLIB_H 1
| #define SIZEOF_CHAR 1
| #define SIZEOF_UNSIGNED_CHAR 1
| #define SIZEOF_BOOL 1
| #define SIZEOF_SHORT 2
| #define SIZEOF_INT 4
| #define SIZEOF_LONG 8
| #define SIZEOF_LONG_LONG 8
| #define SIZEOF_FLOAT 4
| #define SIZEOF_DOUBLE 8
| #define SIZEOF_LONG_DOUBLE 16
| #define SIZEOF_WCHAR_T 4
| #define SIZEOF_VOIDP 8
| #define HAVE_STRUCT_SOCKADDR_IN6 1
| #define HAVE_STRUCT_SOCKADDR_STORAGE 1
| /* end confdefs.h.  */
| #include <sys/types.h>
| #include <sys/socket.h>
| #include <netinet/in.h>
| 
| int
| main (void)
| {
| static struct sockaddr_in ac_aggr;
| if (ac_aggr.sin_len)
| return 0;
|   ;
|   return 0;
| }
configure:6719: g++ -c -O3  conftest.cpp >&5
conftest.cpp: In function 'int main()':
conftest.cpp:55:20: error: 'struct sockaddr_in' has no member named 'sin_len'
   55 | if (sizeof ac_aggr.sin_len)
      |                    ^~~~~~~
configure:6719: $? = 1
configure: failed program was:
| /* confdefs.h */
| #define PACKAGE_NAME "omniORB"
| #define PACKAGE_TARNAME "omniorb"
| #define PACKAGE_VERSION "4.3.2"
| #define PACKAGE_STRING "omniORB 4.3.2"
| #define PACKAGE_BUGREPORT "bugs@omniorb-support.com"
| #define PACKAGE_URL ""
| #define HAVE_STDIO_H 1
| #define HAVE_STDLIB_H 1
| #define HAVE_STRING_H 1
| #define HAVE_INTTYPES_H 1
| #define HAVE_STDINT_H 1
| #define HAVE_STRINGS_H 1
| #define HAVE_SYS_STAT_H 1
| #define HAVE_SYS_TYPES_H 1
| #define HAVE_UNISTD_H 1
| #define STDC_HEADERS 1
| #define HAVE_ERRNO_H 1
| #define HAVE_FCNTL_H 1
| #define HAVE_NETDB_H 1
| #define HAVE_SIGNAL_H 1
| #define HAVE_STDLIB_H 1
| #define HAVE_STRING_H 1
| #define HAVE_STRINGS_H 1
| #define HAVE_UNISTD_H 1
| #define HAVE_SYS_IOCTL_H 1
| #define HAVE_SYS_PARAM_H 1
| #define HAVE_SYS_TIME_H 1
| #define HAVE_SYS_POLL_H 1
| #define HAVE_IFADDRS_H 1
| #define HAVE_ZLIB_H 1
| #define SIZEOF_CHAR 1
| #define SIZEOF_UNSIGNED_CHAR 1
| #define SIZEOF_BOOL 1
| #define SIZEOF_SHORT 2
| #define SIZEOF_INT 4
| #define SIZEOF_LONG 8
| #define SIZEOF_LONG_LONG 8
| #define SIZEOF_FLOAT 4
| #define SIZEOF_DOUBLE 8
| #define SIZEOF_LONG_DOUBLE 16
| #define SIZEOF_WCHAR_T 4
| #define SIZEOF_VOIDP 8
| #define HAVE_STRUCT_SOCKADDR_IN6 1
| #define HAVE_STRUCT_SOCKADDR_STORAGE 1
| /* end confdefs.h.  */
| #include <sys/types.h>
| #include <sys/socket.h>
| #include <netinet/in.h>
| 
| int
| main (void)
| {
| static struct sockaddr_in ac_aggr;
| if (sizeof ac_aggr.sin_len)
| return 0;
|   ;
|   return 0;
| }
configure:6719: result: no
configure:6730: checking for struct sockaddr_in.sin_zero
configure:6730: g++ -c -O3  conftest.cpp >&5
configure:6730: $? = 0
configure:6730: result: yes
configure:6745: checking whether the compiler recognizes bool as a built-in type
configure:6773: g++ -c -O3  conftest.cpp >&5
configure:6773: $? = 0
configure:6788: result: yes
configure:6796: checking whether the compiler supports const_cast<>
configure:6820: g++ -c -O3  conftest.cpp >&5
configure:6820: $? = 0
configure:6835: result: yes
configure:6843: checking whether the compiler supports dynamic_cast<>
configure:6870: g++ -c -O3  conftest.cpp >&5
configure:6870: $? = 0
configure:6885: result: yes
configure:6893: checking whether the compiler supports reinterpret_cast<>
configure:6922: g++ -c -O3  conftest.cpp >&5
configure:6922: $? = 0
configure:6937: result: yes
configure:6945: checking whether the compiler implements namespaces
configure:6969: g++ -c -O3  conftest.cpp >&5
configure:6969: $? = 0
configure:6984: result: yes
configure:6992: checking whether the compiler supports ISO C++ standard library
configure:7023: g++ -c -O3  conftest.cpp >&5
configure:7023: $? = 0
configure:7038: result: yes
configure:7046: checking whether the compiler supports member constants
configure:7070: g++ -c -O3  conftest.cpp >&5
configure:7070: $? = 0
configure:7085: result: yes
configure:7094: checking whether the compiler supports exceptions
configure:7118: g++ -c -O3  conftest.cpp >&5
configure:7118: $? = 0
configure:7133: result: yes
configure:7141: checking whether exceptions can be caught by base class
configure:7183: g++ -o conftest -O3   conftest.cpp  >&5
configure:7183: $? = 0
configure:7183: ./conftest
configure:7183: $? = 0
configure:7201: result: yes
configure:7209: checking whether base constructors have to be fully-qualified
configure:7252: g++ -c -O3  conftest.cpp >&5
configure:7252: $? = 0
configure:7267: result: no
configure:7275: checking whether the compiler supports covariant return types
configure:7309: g++ -c -O3  conftest.cpp >&5
configure:7309: $? = 0
configure:7324: result: yes
configure:7332: checking whether long is the same type as int
configure:7358: g++ -c -O3  conftest.cpp >&5
configure:7358: $? = 0
configure:7373: result: no
configure:7384: checking for library containing getaddrinfo
configure:7413: g++ -o conftest -O3   conftest.cpp  >&5
configure:7413: $? = 0
configure:7433: result: none required
configure:7452: checking for getaddrinfo
configure:7452: gcc -o conftest -O   conftest.c  >&5
configure:7452: $? = 0
configure:7452: result: yes
configure:7458: checking for gethostname
configure:7458: gcc -o conftest -O   conftest.c  >&5
configure:7458: $? = 0
configure:7458: result: yes
configure:7464: checking for getopt
configure:7464: gcc -o conftest -O   conftest.c  >&5
configure:7464: $? = 0
configure:7464: result: yes
configure:7470: checking for getpid
configure:7470: gcc -o conftest -O   conftest.c  >&5
configure:7470: $? = 0
configure:7470: result: yes
configure:7476: checking for gettimeofday
configure:7476: gcc -o conftest -O   conftest.c  >&5
configure:7476: $? = 0
configure:7476: result: yes
configure:7483: checking for getnameinfo
configure:7483: gcc -o conftest -O   conftest.c  >&5
configure:7483: $? = 0
configure:7483: result: yes
configure:7489: checking for gmtime
configure:7489: gcc -o conftest -O   conftest.c  >&5
configure:7489: $? = 0
configure:7489: result: yes
configure:7495: checking for gmtime_r
configure:7495: gcc -o conftest -O   conftest.c  >&5
configure:7495: $? = 0
configure:7495: result: yes
configure:7501: checking for inet_ntop
configure:7501: gcc -o conftest -O   conftest.c  >&5
configure:7501: $? = 0
configure:7501: result: yes
configure:7508: checking for isinf
configure:7508: gcc -o conftest -O   conftest.c  >&5
conftest.c:83:6: warning: conflicting types for built-in function 'isinf'; expected 'int()' [-Wbuiltin-declaration-mismatch]
   83 | char isinf ();
      |      ^~~~~
conftest.c:75:1: note: 'isinf' is declared in header '<math.h>'
   74 | #include <limits.h>
   75 | #undef isinf
configure:7508: $? = 0
configure:7508: result: yes
configure:7514: checking for isinff
configure:7514: gcc -o conftest -O   conftest.c  >&5
conftest.c:84:6: warning: conflicting types for built-in function 'isinff'; expected 'int(float)' [-Wbuiltin-declaration-mismatch]
   84 | char isinff ();
      |      ^~~~~~
configure:7514: $? = 0
configure:7514: result: yes
configure:7520: checking for isinfl
configure:7520: gcc -o conftest -O   conftest.c  >&5
conftest.c:85:6: warning: conflicting types for built-in function 'isinfl'; expected 'int(long double)' [-Wbuiltin-declaration-mismatch]
   85 | char isinfl ();
      |      ^~~~~~
configure:7520: $? = 0
configure:7520: result: yes
configure:7526: checking for isnan
configure:7526: gcc -o conftest -O   conftest.c  >&5
conftest.c:86:6: warning: conflicting types for built-in function 'isnan'; expected 'int()' [-Wbuiltin-declaration-mismatch]
   86 | char isnan ();
      |      ^~~~~
conftest.c:78:1: note: 'isnan' is declared in header '<math.h>'
   77 | #include <limits.h>
   78 | #undef isnan
configure:7526: $? = 0
configure:7526: result: yes
configure:7532: checking for isnanf
configure:7532: gcc -o conftest -O   conftest.c  >&5
conftest.c:87:6: warning: conflicting types for built-in function 'isnanf'; expected 'int(float)' [-Wbuiltin-declaration-mismatch]
   87 | char isnanf ();
      |      ^~~~~~
configure:7532: $? = 0
configure:7532: result: yes
configure:7538: checking for isnanl
configure:7538: gcc -o conftest -O   conftest.c  >&5
conftest.c:88:6: warning: conflicting types for built-in function 'isnanl'; expected 'int(long double)' [-Wbuiltin-declaration-mismatch]
   88 | char isnanl ();
      |      ^~~~~~
configure:7538: $? = 0
configure:7538: result: yes
configure:7544: checking for localtime
configure:7544: gcc -o conftest -O   conftest.c  >&5
configure:7544: $? = 0
configure:7544: result: yes
configure:7550: checking for localtime_r
configure:7550: gcc -o conftest -O   conftest.c  >&5
configure:7550: $? = 0
configure:7550: result: yes
configure:7557: checking for nanosleep
configure:7557: gcc -o conftest -O   conftest.c  >&5
configure:7557: $? = 0
configure:7557: result: yes
configure:7563: checking for poll
configure:7563: gcc -o conftest -O   conftest.c  >&5
configure:7563: $? = 0
configure:7563: result: yes
configure:7569: checking for rand_r
configure:7569: gcc -o conftest -O   conftest.c  >&5
configure:7569: $? = 0
configure:7569: result: yes
configure:7575: checking for sigaction
configure:7575: gcc -o conftest -O   conftest.c  >&5
configure:7575: $? = 0
configure:7575: result: yes
configure:7581: checking for sigvec
configure:7581: gcc -o conftest -O   conftest.c  >&5
/usr/bin/ld: /tmp/cczy6yqZ.o: in function `main':
conftest.c:(.text+0xe): undefined reference to `sigvec'
collect2: error: ld returned 1 exit status
configure:7581: $? = 1
configure: failed program was:
| /* confdefs.h */
| #define PACKAGE_NAME "omniORB"
| #define PACKAGE_TARNAME "omniorb"
| #define PACKAGE_VERSION "4.3.2"
| #define PACKAGE_STRING "omniORB 4.3.2"
| #define PACKAGE_BUGREPORT "bugs@omniorb-support.com"
| #define PACKAGE_URL ""
| #define HAVE_STDIO_H 1
| #define HAVE_STDLIB_H 1
| #define HAVE_STRING_H 1
| #define HAVE_INTTYPES_H 1
| #define HAVE_STDINT_H 1
| #define HAVE_STRINGS_H 1
| #define HAVE_SYS_STAT_H 1
| #define HAVE_SYS_TYPES_H 1
| #define HAVE_UNISTD_H 1
| #define STDC_HEADERS 1
| #define HAVE_ERRNO_H 1
| #define HAVE_FCNTL_H 1
| #define HAVE_NETDB_H 1
| #define HAVE_SIGNAL_H 1
| #define HAVE_STDLIB_H 1
| #define HAVE_STRING_H 1
| #define HAVE_STRINGS_H 1
| #define HAVE_UNISTD_H 1
| #define HAVE_SYS_IOCTL_H 1
| #define HAVE_SYS_PARAM_H 1
| #define HAVE_SYS_TIME_H 1
| #define HAVE_SYS_POLL_H 1
| #define HAVE_IFADDRS_H 1
| #define HAVE_ZLIB_H 1
| #define SIZEOF_CHAR 1
| #define SIZEOF_UNSIGNED_CHAR 1
| #define SIZEOF_BOOL 1
| #define SIZEOF_SHORT 2
| #define SIZEOF_INT 4
| #define SIZEOF_LONG 8
| #define SIZEOF_LONG_LONG 8
| #define SIZEOF_FLOAT 4
| #define SIZEOF_DOUBLE 8
| #define SIZEOF_LONG_DOUBLE 16
| #define SIZEOF_WCHAR_T 4
| #define SIZEOF_VOIDP 8
| #define HAVE_STRUCT_SOCKADDR_IN6 1
| #define HAVE_STRUCT_SOCKADDR_STORAGE 1
| #define HAVE_STRUCT_SOCKADDR_IN_SIN_ZERO 1
| #define HAVE_BOOL /**/
| #define HAVE_CONST_CAST /**/
| #define HAVE_DYNAMIC_CAST /**/
| #define HAVE_REINTERPRET_CAST /**/
| #define HAVE_NAMESPACES /**/
| #define HAVE_STD /**/
| #define HAVE_MEMBER_CONSTANTS /**/
| #define HAVE_EXCEPTIONS /**/
| #define HAVE_CATCH_BY_BASE /**/
| #define HAVE_COVARIANT_RETURNS /**/
| #define HAVE_GETADDRINFO 1
| #define HAVE_GETHOSTNAME 1
| #define HAVE_GETOPT 1
| #define HAVE_GETPID 1
| #define HAVE_GETTIMEOFDAY 1
| #define HAVE_GETNAMEINFO 1
| #define HAVE_GMTIME 1
| #define HAVE_GMTIME_R 1
| #define HAVE_INET_NTOP 1
| #define HAVE_ISINF 1
| #define HAVE_ISINFF 1
| #define HAVE_ISINFL 1
| #define HAVE_ISNAN 1
| #define HAVE_ISNANF 1
| #define HAVE_ISNANL 1
| #define HAVE_LOCALTIME 1
| #define HAVE_LOCALTIME_R 1
| #define HAVE_NANOSLEEP 1
| #define HAVE_POLL 1
| #define HAVE_RAND_R 1
| #define HAVE_SIGACTION 1
| /* end confdefs.h.  */
| /* Define sigvec to an innocuous variant, in case <limits.h> declares sigvec.
|    For example, HP-UX 11i <limits.h> declares gettimeofday.  */
| #define sigvec innocuous_sigvec
| 
| /* System header to define __stub macros and hopefully few prototypes,
|    which can conflict with char sigvec (); below.  */
| 
| #include <limits.h>
| #undef sigvec
| 
| /* Override any GCC internal prototype to avoid an error.
|    Use char because int might match the return type of a GCC
|    builtin and then its argument prototype would still apply.  */
| #ifdef __cplusplus
| extern "C"
| #endif
| char sigvec ();
| /* The GNU C library defines this for functions which it implements
|     to always fail with ENOSYS.  Some functions are actually named
|     something starting with __ and the normal name is an alias.  */
| #if defined __stub_sigvec || defined __stub___sigvec
| choke me
| #endif
| 
| int
| main (void)
| {
| return sigvec ();
|   ;
|   return 0;
| }
configure:7581: result: no
configure:7587: checking for snprintf
configure:7587: gcc -o conftest -O   conftest.c  >&5
conftest.c:95:6: warning: conflicting types for built-in function 'snprintf'; expected 'int(char *, long unsigned int,  const char *, ...)' [-Wbuiltin-declaration-mismatch]
   95 | char snprintf ();
      |      ^~~~~~~~
conftest.c:87:1: note: 'snprintf' is declared in header '<stdio.h>'
   86 | #include <limits.h>
   87 | #undef snprintf
configure:7587: $? = 0
configure:7587: result: yes
configure:7593: checking for strcasecmp
configure:7593: gcc -o conftest -O   conftest.c  >&5
conftest.c:96:6: warning: conflicting types for built-in function 'strcasecmp'; expected 'int(const char *, const char *)' [-Wbuiltin-declaration-mismatch]
   96 | char strcasecmp ();
      |      ^~~~~~~~~~
configure:7593: $? = 0
configure:7593: result: yes
configure:7600: checking for strdup
configure:7600: gcc -o conftest -O   conftest.c  >&5
conftest.c:97:6: warning: conflicting types for built-in function 'strdup'; expected 'char *(const char *)' [-Wbuiltin-declaration-mismatch]
   97 | char strdup ();
      |      ^~~~~~
configure:7600: $? = 0
configure:7600: result: yes
configure:7606: checking for strerror
configure:7606: gcc -o conftest -O   conftest.c  >&5
configure:7606: $? = 0
configure:7606: result: yes
configure:7612: checking for strftime
configure:7612: gcc -o conftest -O   conftest.c  >&5
conftest.c:99:6: warning: conflicting types for built-in function 'strftime'; expected 'long unsigned int(char *, long unsigned int,  const char *, const void *)' [-Wbuiltin-declaration-mismatch]
   99 | char strftime ();
      |      ^~~~~~~~
conftest.c:91:1: note: 'strftime' is declared in header '<time.h>'
   90 | #include <limits.h>
   91 | #undef strftime
configure:7612: $? = 0
configure:7612: result: yes
configure:7618: checking for stricmp
configure:7618: gcc -o conftest -O   conftest.c  >&5
/usr/bin/ld: /tmp/ccDtbDgK.o: in function `main':
conftest.c:(.text+0xe): undefined reference to `stricmp'
collect2: error: ld returned 1 exit status
configure:7618: $? = 1
configure: failed program was:
| /* confdefs.h */
| #define PACKAGE_NAME "omniORB"
| #define PACKAGE_TARNAME "omniorb"
| #define PACKAGE_VERSION "4.3.2"
| #define PACKAGE_STRING "omniORB 4.3.2"
| #define PACKAGE_BUGREPORT "bugs@omniorb-support.com"
| #define PACKAGE_URL ""
| #define HAVE_STDIO_H 1
| #define HAVE_STDLIB_H 1
| #define HAVE_STRING_H 1
| #define HAVE_INTTYPES_H 1
| #define HAVE_STDINT_H 1
| #define HAVE_STRINGS_H 1
| #define HAVE_SYS_STAT_H 1
| #define HAVE_SYS_TYPES_H 1
| #define HAVE_UNISTD_H 1
| #define STDC_HEADERS 1
| #define HAVE_ERRNO_H 1
| #define HAVE_FCNTL_H 1
| #define HAVE_NETDB_H 1
| #define HAVE_SIGNAL_H 1
| #define HAVE_STDLIB_H 1
| #define HAVE_STRING_H 1
| #define HAVE_STRINGS_H 1
| #define HAVE_UNISTD_H 1
| #define HAVE_SYS_IOCTL_H 1
| #define HAVE_SYS_PARAM_H 1
| #define HAVE_SYS_TIME_H 1
| #define HAVE_SYS_POLL_H 1
| #define HAVE_IFADDRS_H 1
| #define HAVE_ZLIB_H 1
| #define SIZEOF_CHAR 1
| #define SIZEOF_UNSIGNED_CHAR 1
| #define SIZEOF_BOOL 1
| #define SIZEOF_SHORT 2
| #define SIZEOF_INT 4
| #define SIZEOF_LONG 8
| #define SIZEOF_LONG_LONG 8
| #define SIZEOF_FLOAT 4
| #define SIZEOF_DOUBLE 8
| #define SIZEOF_LONG_DOUBLE 16
| #define SIZEOF_WCHAR_T 4
| #define SIZEOF_VOIDP 8
| #define HAVE_STRUCT_SOCKADDR_IN6 1
| #define HAVE_STRUCT_SOCKADDR_STORAGE 1
| #define HAVE_STRUCT_SOCKADDR_IN_SIN_ZERO 1
| #define HAVE_BOOL /**/
| #define HAVE_CONST_CAST /**/
| #define HAVE_DYNAMIC_CAST /**/
| #define HAVE_REINTERPRET_CAST /**/
| #define HAVE_NAMESPACES /**/
| #define HAVE_STD /**/
| #define HAVE_MEMBER_CONSTANTS /**/
| #define HAVE_EXCEPTIONS /**/
| #define HAVE_CATCH_BY_BASE /**/
| #define HAVE_COVARIANT_RETURNS /**/
| #define HAVE_GETADDRINFO 1
| #define HAVE_GETHOSTNAME 1
| #define HAVE_GETOPT 1
| #define HAVE_GETPID 1
| #define HAVE_GETTIMEOFDAY 1
| #define HAVE_GETNAMEINFO 1
| #define HAVE_GMTIME 1
| #define HAVE_GMTIME_R 1
| #define HAVE_INET_NTOP 1
| #define HAVE_ISINF 1
| #define HAVE_ISINFF 1
| #define HAVE_ISINFL 1
| #define HAVE_ISNAN 1
| #define HAVE_ISNANF 1
| #define HAVE_ISNANL 1
| #define HAVE_LOCALTIME 1
| #define HAVE_LOCALTIME_R 1
| #define HAVE_NANOSLEEP 1
| #define HAVE_POLL 1
| #define HAVE_RAND_R 1
| #define HAVE_SIGACTION 1
| #define HAVE_SNPRINTF 1
| #define HAVE_STRCASECMP 1
| #define HAVE_STRDUP 1
| #define HAVE_STRERROR 1
| #define HAVE_STRFTIME 1
| /* end confdefs.h.  */
| /* Define stricmp to an innocuous variant, in case <limits.h> declares stricmp.
|    For example, HP-UX 11i <limits.h> declares gettimeofday.  */
| #define stricmp innocuous_stricmp
| 
| /* System header to define __stub macros and hopefully few prototypes,
|    which can conflict with char stricmp (); below.  */
| 
| #include <limits.h>
| #undef stricmp
| 
| /* Override any GCC internal prototype to avoid an error.
|    Use char because int might match the return type of a GCC
|    builtin and then its argument prototype would still apply.  */
| #ifdef __cplusplus
| extern "C"
| #endif
| char stricmp ();
| /* The GNU C library defines this for functions which it implements
|     to always fail with ENOSYS.  Some functions are actually named
|     something starting with __ and the normal name is an alias.  */
| #if defined __stub_stricmp || defined __stub___stricmp
| choke me
| #endif
| 
| int
| main (void)
| {
| return stricmp ();
|   ;
|   return 0;
| }
configure:7618: result: no
configure:7624: checking for strncasecmp
configure:7624: gcc -o conftest -O   conftest.c  >&5
conftest.c:100:6: warning: conflicting types for built-in function 'strncasecmp'; expected 'int(const char *, const char *, long unsigned int)' [-Wbuiltin-declaration-mismatch]
  100 | char strncasecmp ();
      |      ^~~~~~~~~~~
configure:7624: $? = 0
configure:7624: result: yes
configure:7630: checking for strtoul
configure:7630: gcc -o conftest -O   conftest.c  >&5
configure:7630: $? = 0
configure:7630: result: yes
configure:7636: checking for strtoull
configure:7636: gcc -o conftest -O   conftest.c  >&5
configure:7636: $? = 0
configure:7636: result: yes
configure:7643: checking for strtouq
configure:7643: gcc -o conftest -O   conftest.c  >&5
configure:7643: $? = 0
configure:7643: result: yes
configure:7649: checking for uname
configure:7649: gcc -o conftest -O   conftest.c  >&5
configure:7649: $? = 0
configure:7649: result: yes
configure:7655: checking for vprintf
configure:7655: gcc -o conftest -O   conftest.c  >&5
conftest.c:105:6: warning: conflicting types for built-in function 'vprintf'; expected 'int(const char *, __va_list_tag *)' [-Wbuiltin-declaration-mismatch]
  105 | char vprintf ();
      |      ^~~~~~~
conftest.c:97:1: note: 'vprintf' is declared in header '<stdio.h>'
   96 | #include <limits.h>
   97 | #undef vprintf
configure:7655: $? = 0
configure:7655: result: yes
configure:7661: checking for vsnprintf
configure:7661: gcc -o conftest -O   conftest.c  >&5
conftest.c:106:6: warning: conflicting types for built-in function 'vsnprintf'; expected 'int(char *, long unsigned int,  const char *, __va_list_tag *)' [-Wbuiltin-declaration-mismatch]
  106 | char vsnprintf ();
      |      ^~~~~~~~~
conftest.c:98:1: note: 'vsnprintf' is declared in header '<stdio.h>'
   97 | #include <limits.h>
   98 | #undef vsnprintf
configure:7661: $? = 0
configure:7661: result: yes
configure:7668: checking for size_t
configure:7668: gcc -c -O  conftest.c >&5
configure:7668: $? = 0
configure:7668: gcc -c -O  conftest.c >&5
conftest.c: In function 'main':
conftest.c:122:21: error: expected expression before ')' token
  122 | if (sizeof ((size_t)))
      |                     ^
configure:7668: $? = 1
configure: failed program was:
| /* confdefs.h */
| #define PACKAGE_NAME "omniORB"
| #define PACKAGE_TARNAME "omniorb"
| #define PACKAGE_VERSION "4.3.2"
| #define PACKAGE_STRING "omniORB 4.3.2"
| #define PACKAGE_BUGREPORT "bugs@omniorb-support.com"
| #define PACKAGE_URL ""
| #define HAVE_STDIO_H 1
| #define HAVE_STDLIB_H 1
| #define HAVE_STRING_H 1
| #define HAVE_INTTYPES_H 1
| #define HAVE_STDINT_H 1
| #define HAVE_STRINGS_H 1
| #define HAVE_SYS_STAT_H 1
| #define HAVE_SYS_TYPES_H 1
| #define HAVE_UNISTD_H 1
| #define STDC_HEADERS 1
| #define HAVE_ERRNO_H 1
| #define HAVE_FCNTL_H 1
| #define HAVE_NETDB_H 1
| #define HAVE_SIGNAL_H 1
| #define HAVE_STDLIB_H 1
| #define HAVE_STRING_H 1
| #define HAVE_STRINGS_H 1
| #define HAVE_UNISTD_H 1
| #define HAVE_SYS_IOCTL_H 1
| #define HAVE_SYS_PARAM_H 1
| #define HAVE_SYS_TIME_H 1
| #define HAVE_SYS_POLL_H 1
| #define HAVE_IFADDRS_H 1
| #define HAVE_ZLIB_H 1
| #define SIZEOF_CHAR 1
| #define SIZEOF_UNSIGNED_CHAR 1
| #define SIZEOF_BOOL 1
| #define SIZEOF_SHORT 2
| #define SIZEOF_INT 4
| #define SIZEOF_LONG 8
| #define SIZEOF_LONG_LONG 8
| #define SIZEOF_FLOAT 4
| #define SIZEOF_DOUBLE 8
| #define SIZEOF_LONG_DOUBLE 16
| #define SIZEOF_WCHAR_T 4
| #define SIZEOF_VOIDP 8
| #define HAVE_STRUCT_SOCKADDR_IN6 1
| #define HAVE_STRUCT_SOCKADDR_STORAGE 1
| #define HAVE_STRUCT_SOCKADDR_IN_SIN_ZERO 1
| #define HAVE_BOOL /**/
| #define HAVE_CONST_CAST /**/
| #define HAVE_DYNAMIC_CAST /**/
| #define HAVE_REINTERPRET_CAST /**/
| #define HAVE_NAMESPACES /**/
| #define HAVE_STD /**/
| #define HAVE_MEMBER_CONSTANTS /**/
| #define HAVE_EXCEPTIONS /**/
| #define HAVE_CATCH_BY_BASE /**/
| #define HAVE_COVARIANT_RETURNS /**/
| #define HAVE_GETADDRINFO 1
| #define HAVE_GETHOSTNAME 1
| #define HAVE_GETOPT 1
| #define HAVE_GETPID 1
| #define HAVE_GETTIMEOFDAY 1
| #define HAVE_GETNAMEINFO 1
| #define HAVE_GMTIME 1
| #define HAVE_GMTIME_R 1
| #define HAVE_INET_NTOP 1
| #define HAVE_ISINF 1
| #define HAVE_ISINFF 1
| #define HAVE_ISINFL 1
| #define HAVE_ISNAN 1
| #define HAVE_ISNANF 1
| #define HAVE_ISNANL 1
| #define HAVE_LOCALTIME 1
| #define HAVE_LOCALTIME_R 1
| #define HAVE_NANOSLEEP 1
| #define HAVE_POLL 1
| #define HAVE_RAND_R 1
| #define HAVE_SIGACTION 1
| #define HAVE_SNPRINTF 1
| #define HAVE_STRCASECMP 1
| #define HAVE_STRDUP 1
| #define HAVE_STRERROR 1
| #define HAVE_STRFTIME 1
| #define HAVE_STRNCASECMP 1
| #define HAVE_STRTOUL 1
| #define HAVE_STRTOULL 1
| #define HAVE_STRTOUQ 1
| #define HAVE_UNAME 1
| #define HAVE_VPRINTF 1
| #define HAVE_VSNPRINTF 1
| /* end confdefs.h.  */
| #include <stddef.h>
| #ifdef HAVE_STDIO_H
| # include <stdio.h>
| #endif
| #ifdef HAVE_STDLIB_H
| # include <stdlib.h>
| #endif
| #ifdef HAVE_STRING_H
| # include <string.h>
| #endif
| #ifdef HAVE_INTTYPES_H
| # include <inttypes.h>
| #endif
| #ifdef HAVE_STDINT_H
| # include <stdint.h>
| #endif
| #ifdef HAVE_STRINGS_H
| # include <strings.h>
| #endif
| #ifdef HAVE_SYS_TYPES_H
| # include <sys/types.h>
| #endif
| #ifdef HAVE_SYS_STAT_H
| # include <sys/stat.h>
| #endif
| #ifdef HAVE_UNISTD_H
| # include <unistd.h>
| #endif
| int
| main (void)
| {
| if (sizeof ((size_t)))
| 	    return 0;
|   ;
|   return 0;
| }
configure:7668: result: yes
configure:7680: checking for working alloca.h
configure:7698: gcc -o conftest -O   conftest.c  >&5
configure:7698: $? = 0
configure:7707: result: yes
configure:7715: checking for alloca
configure:7760: result: yes
configure:7834: checking for IsNANorINF
configure:7863: g++ -c -O3  conftest.cpp >&5
conftest.cpp:95:10: fatal error: nan.h: No such file or directory
   95 | #include <nan.h>
      |          ^~~~~~~
compilation terminated.
configure:7863: $? = 1
configure: failed program was:
| /* confdefs.h */
| #define PACKAGE_NAME "omniORB"
| #define PACKAGE_TARNAME "omniorb"
| #define PACKAGE_VERSION "4.3.2"
| #define PACKAGE_STRING "omniORB 4.3.2"
| #define PACKAGE_BUGREPORT "bugs@omniorb-support.com"
| #define PACKAGE_URL ""
| #define HAVE_STDIO_H 1
| #define HAVE_STDLIB_H 1
| #define HAVE_STRING_H 1
| #define HAVE_INTTYPES_H 1
| #define HAVE_STDINT_H 1
| #define HAVE_STRINGS_H 1
| #define HAVE_SYS_STAT_H 1
| #define HAVE_SYS_TYPES_H 1
| #define HAVE_UNISTD_H 1
| #define STDC_HEADERS 1
| #define HAVE_ERRNO_H 1
| #define HAVE_FCNTL_H 1
| #define HAVE_NETDB_H 1
| #define HAVE_SIGNAL_H 1
| #define HAVE_STDLIB_H 1
| #define HAVE_STRING_H 1
| #define HAVE_STRINGS_H 1
| #define HAVE_UNISTD_H 1
| #define HAVE_SYS_IOCTL_H 1
| #define HAVE_SYS_PARAM_H 1
| #define HAVE_SYS_TIME_H 1
| #define HAVE_SYS_POLL_H 1
| #define HAVE_IFADDRS_H 1
| #define HAVE_ZLIB_H 1
| #define SIZEOF_CHAR 1
| #define SIZEOF_UNSIGNED_CHAR 1
| #define SIZEOF_BOOL 1
| #define SIZEOF_SHORT 2
| #define SIZEOF_INT 4
| #define SIZEOF_LONG 8
| #define SIZEOF_LONG_LONG 8
| #define SIZEOF_FLOAT 4
| #define SIZEOF_DOUBLE 8
| #define SIZEOF_LONG_DOUBLE 16
| #define SIZEOF_WCHAR_T 4
| #define SIZEOF_VOIDP 8
| #define HAVE_STRUCT_SOCKADDR_IN6 1
| #define HAVE_STRUCT_SOCKADDR_STORAGE 1
| #define HAVE_STRUCT_SOCKADDR_IN_SIN_ZERO 1
| #define HAVE_BOOL /**/
| #define HAVE_CONST_CAST /**/
| #define HAVE_DYNAMIC_CAST /**/
| #define HAVE_REINTERPRET_CAST /**/
| #define HAVE_NAMESPACES /**/
| #define HAVE_STD /**/
| #define HAVE_MEMBER_CONSTANTS /**/
| #define HAVE_EXCEPTIONS /**/
| #define HAVE_CATCH_BY_BASE /**/
| #define HAVE_COVARIANT_RETURNS /**/
| #define HAVE_GETADDRINFO 1
| #define HAVE_GETHOSTNAME 1
| #define HAVE_GETOPT 1
| #define HAVE_GETPID 1
| #define HAVE_GETTIMEOFDAY 1
| #define HAVE_GETNAMEINFO 1
| #define HAVE_GMTIME 1
| #define HAVE_GMTIME_R 1
| #define HAVE_INET_NTOP 1
| #define HAVE_ISINF 1
| #define HAVE_ISINFF 1
| #define HAVE_ISINFL 1
| #define HAVE_ISNAN 1
| #define HAVE_ISNANF 1
| #define HAVE_ISNANL 1
| #define HAVE_LOCALTIME 1
| #define HAVE_LOCALTIME_R 1
| #define HAVE_NANOSLEEP 1
| #define HAVE_POLL 1
| #define HAVE_RAND_R 1
| #define HAVE_SIGACTION 1
| #define HAVE_SNPRINTF 1
| #define HAVE_STRCASECMP 1
| #define HAVE_STRDUP 1
| #define HAVE_STRERROR 1
| #define HAVE_STRFTIME 1
| #define HAVE_STRNCASECMP 1
| #define HAVE_STRTOUL 1
| #define HAVE_STRTOULL 1
| #define HAVE_STRTOUQ 1
| #define HAVE_UNAME 1
| #define HAVE_VPRINTF 1
| #define HAVE_VSNPRINTF 1
| #define HAVE_ALLOCA_H 1
| #define HAVE_ALLOCA 1
| /* end confdefs.h.  */
| 
| #include <math.h>
| #include <nan.h>
| 
| int
| main (void)
| {
| 
|   double d = 1.23;
|   int i = IsNANorINF(d);
| 
|   ;
|   return 0;
| }
configure:7878: result: no
configure:7886: checking whether SIG_IGN is available
configure:7922: g++ -c -O3  conftest.cpp >&5
configure:7922: $? = 0
configure:7937: result: yes
configure:7945: checking whether gettimeofday() takes a timezone argument
configure:7977: g++ -c -O3  conftest.cpp >&5
configure:7977: $? = 0
configure:7992: result: yes
configure:8000: checking third argument of getsockname
configure:8029: g++ -c -O3  conftest.cpp >&5
configure:8029: $? = 0
configure:8066: result: socklen_t
configure:8069: checking whether __sync_add_and_fetch and __sync_sub_and_fetch are present
configure:8096: g++ -o conftest -O3   conftest.cpp  >&5
configure:8096: $? = 0
configure:8112: result: yes
configure:8122: checking omniORB config file location
configure:8139: result: /etc/omniORB.cfg
configure:8148: checking omniNames log directory
configure:8165: result: /var/omninames
configure:8174: checking whether to build static libraries
configure:8190: result: yes
configure:8195: checking whether to trace threads and locking
configure:8211: result: no
configure:8219: checking whether to support IPv6
configure:8235: result: yes
configure:8243: checking whether alloca should be used in omnicpp
configure:8259: result: yes
configure:8267: checking whether to support long double
configure:8283: result: yes
configure:8293: checking whether to use atomic operations when possible
configure:8309: result: yes
configure:8317: checking for compressBound in -lz
configure:8339: g++ -o conftest -O3   conftest.cpp -lz   >&5
configure:8339: $? = 0
configure:8349: result: yes
configure:8358: checking for ZSTD_compress in -lzstd
configure:8380: g++ -o conftest -O3   conftest.cpp -lzstd   >&5
/usr/bin/ld: cannot find -lzstd
collect2: error: ld returned 1 exit status
configure:8380: $? = 1
configure: failed program was:
| /* confdefs.h */
| #define PACKAGE_NAME "omniORB"
| #define PACKAGE_TARNAME "omniorb"
| #define PACKAGE_VERSION "4.3.2"
| #define PACKAGE_STRING "omniORB 4.3.2"
| #define PACKAGE_BUGREPORT "bugs@omniorb-support.com"
| #define PACKAGE_URL ""
| #define HAVE_STDIO_H 1
| #define HAVE_STDLIB_H 1
| #define HAVE_STRING_H 1
| #define HAVE_INTTYPES_H 1
| #define HAVE_STDINT_H 1
| #define HAVE_STRINGS_H 1
| #define HAVE_SYS_STAT_H 1
| #define HAVE_SYS_TYPES_H 1
| #define HAVE_UNISTD_H 1
| #define STDC_HEADERS 1
| #define HAVE_ERRNO_H 1
| #define HAVE_FCNTL_H 1
| #define HAVE_NETDB_H 1
| #define HAVE_SIGNAL_H 1
| #define HAVE_STDLIB_H 1
| #define HAVE_STRING_H 1
| #define HAVE_STRINGS_H 1
| #define HAVE_UNISTD_H 1
| #define HAVE_SYS_IOCTL_H 1
| #define HAVE_SYS_PARAM_H 1
| #define HAVE_SYS_TIME_H 1
| #define HAVE_SYS_POLL_H 1
| #define HAVE_IFADDRS_H 1
| #define HAVE_ZLIB_H 1
| #define SIZEOF_CHAR 1
| #define SIZEOF_UNSIGNED_CHAR 1
| #define SIZEOF_BOOL 1
| #define SIZEOF_SHORT 2
| #define SIZEOF_INT 4
| #define SIZEOF_LONG 8
| #define SIZEOF_LONG_LONG 8
| #define SIZEOF_FLOAT 4
| #define SIZEOF_DOUBLE 8
| #define SIZEOF_LONG_DOUBLE 16
| #define SIZEOF_WCHAR_T 4
| #define SIZEOF_VOIDP 8
| #define HAVE_STRUCT_SOCKADDR_IN6 1
| #define HAVE_STRUCT_SOCKADDR_STORAGE 1
| #define HAVE_STRUCT_SOCKADDR_IN_SIN_ZERO 1
| #define HAVE_BOOL /**/
| #define HAVE_CONST_CAST /**/
| #define HAVE_DYNAMIC_CAST /**/
| #define HAVE_REINTERPRET_CAST /**/
| #define HAVE_NAMESPACES /**/
| #define HAVE_STD /**/
| #define HAVE_MEMBER_CONSTANTS /**/
| #define HAVE_EXCEPTIONS /**/
| #define HAVE_CATCH_BY_BASE /**/
| #define HAVE_COVARIANT_RETURNS /**/
| #define HAVE_GETADDRINFO 1
| #define HAVE_GETHOSTNAME 1
| #define HAVE_GETOPT 1
| #define HAVE_GETPID 1
| #define HAVE_GETTIMEOFDAY 1
| #define HAVE_GETNAMEINFO 1
| #define HAVE_GMTIME 1
| #define HAVE_GMTIME_R 1
| #define HAVE_INET_NTOP 1
| #define HAVE_ISINF 1
| #define HAVE_ISINFF 1
| #define HAVE_ISINFL 1
| #define HAVE_ISNAN 1
| #define HAVE_ISNANF 1
| #define HAVE_ISNANL 1
| #define HAVE_LOCALTIME 1
| #define HAVE_LOCALTIME_R 1
| #define HAVE_NANOSLEEP 1
| #define HAVE_POLL 1
| #define HAVE_RAND_R 1
| #define HAVE_SIGACTION 1
| #define HAVE_SNPRINTF 1
| #define HAVE_STRCASECMP 1
| #define HAVE_STRDUP 1
| #define HAVE_STRERROR 1
| #define HAVE_STRFTIME 1
| #define HAVE_STRNCASECMP 1
| #define HAVE_STRTOUL 1
| #define HAVE_STRTOULL 1
| #define HAVE_STRTOUQ 1
| #define HAVE_UNAME 1
| #define HAVE_VPRINTF 1
| #define HAVE_VSNPRINTF 1
| #define HAVE_ALLOCA_H 1
| #define HAVE_ALLOCA 1
| #define HAVE_SIG_IGN /**/
| #define GETTIMEOFDAY_TIMEZONE /**/
| #define SOCKNAME_SIZE_T socklen_t
| #define HAVE_SYNC_ADD_AND_FETCH /**/
| /* end confdefs.h.  */
| 
| namespace conftest {
|   extern "C" int ZSTD_compress ();
| }
| int
| main (void)
| {
| return conftest::ZSTD_compress ();
|   ;
|   return 0;
| }
configure:8390: result: no
configure:8424: checking whether to use CFNetwork
configure:8440: result: no
configure:8704: creating ./config.status

## ---------------------- ##
## Running config.status. ##
## ---------------------- ##

This file was extended by omniORB config.status 4.3.2, which was
generated by GNU Autoconf 2.71.  Invocation command line was

  CONFIG_FILES    = 
  CONFIG_HEADERS  = 
  CONFIG_LINKS    = 
  CONFIG_COMMANDS = 
  $ ./config.status 

on codespaces-c849c5

config.status:1021: creating mk/beforeauto.mk
config.status:1124: WARNING:  'mk/beforeauto.mk.in' seems to ignore the --datarootdir setting
config.status:1021: creating mk/afterauto.mk
config.status:1021: creating GNUmakefile
config.status:1021: creating src/tool/omniidl/python2/scripts/omniidl
config.status:1021: creating src/tool/omniidl/python3/scripts/omniidl
config.status:1021: creating src/appl/GNUmakefile
config.status:1021: creating src/appl/omniMapper/GNUmakefile
config.status:1021: creating src/appl/omniNames/GNUmakefile
config.status:1021: creating src/appl/utils/catior/GNUmakefile
config.status:1021: creating src/appl/utils/convertior/GNUmakefile
config.status:1021: creating src/appl/utils/GNUmakefile
config.status:1021: creating src/appl/utils/genior/GNUmakefile
config.status:1021: creating src/appl/utils/nameclt/GNUmakefile
config.status:1021: creating src/GNUmakefile
config.status:1021: creating src/examples/ami/GNUmakefile
config.status:1021: creating src/examples/anyExample/GNUmakefile
config.status:1021: creating src/examples/bidir/GNUmakefile
config.status:1021: creating src/examples/boa/GNUmakefile
config.status:1021: creating src/examples/call_back/GNUmakefile
config.status:1021: creating src/examples/dii/GNUmakefile
config.status:1021: creating src/examples/GNUmakefile
config.status:1021: creating src/examples/dsi/GNUmakefile
config.status:1021: creating src/examples/echo/GNUmakefile
config.status:1021: creating src/examples/http_echo/GNUmakefile
config.status:1021: creating src/examples/poa/GNUmakefile
config.status:1021: creating src/examples/poa/implicit_activation/GNUmakefile
config.status:1021: creating src/examples/poa/persistent_objref/GNUmakefile
config.status:1021: creating src/examples/poa/servant_manager/GNUmakefile
config.status:1021: creating src/examples/poa/threading/GNUmakefile
config.status:1021: creating src/examples/poa/shortcut/GNUmakefile
config.status:1021: creating src/examples/ssl_echo/GNUmakefile
config.status:1021: creating src/examples/thread/GNUmakefile
config.status:1021: creating src/examples/valuetype/GNUmakefile
config.status:1021: creating src/examples/valuetype/simple/GNUmakefile
config.status:1021: creating src/examples/ziop/GNUmakefile
config.status:1021: creating src/lib/GNUmakefile
config.status:1021: creating src/lib/omniORB/codesets/GNUmakefile
config.status:1021: creating src/lib/omniORB/GNUmakefile
config.status:1021: creating src/lib/omniORB/dynamic/GNUmakefile
config.status:1021: creating src/lib/omniORB/python2/omniidl_be/cxx/GNUmakefile
config.status:1021: creating src/lib/omniORB/python2/omniidl_be/cxx/dynskel/GNUmakefile
config.status:1021: creating src/lib/omniORB/python2/omniidl_be/cxx/header/GNUmakefile
config.status:1021: creating src/lib/omniORB/python2/omniidl_be/cxx/impl/GNUmakefile
config.status:1021: creating src/lib/omniORB/python2/omniidl_be/cxx/skel/GNUmakefile
config.status:1021: creating src/lib/omniORB/python2/omniidl_be/GNUmakefile
config.status:1021: creating src/lib/omniORB/python2/GNUmakefile
config.status:1021: creating src/lib/omniORB/python3/omniidl_be/cxx/GNUmakefile
config.status:1021: creating src/lib/omniORB/python3/omniidl_be/cxx/dynskel/GNUmakefile
config.status:1021: creating src/lib/omniORB/python3/omniidl_be/cxx/header/GNUmakefile
config.status:1021: creating src/lib/omniORB/python3/omniidl_be/cxx/impl/GNUmakefile
config.status:1021: creating src/lib/omniORB/python3/omniidl_be/cxx/skel/GNUmakefile
config.status:1021: creating src/lib/omniORB/python3/omniidl_be/GNUmakefile
config.status:1021: creating src/lib/omniORB/python3/GNUmakefile
config.status:1021: creating src/lib/omniORB/orbcore/GNUmakefile
config.status:1021: creating src/lib/omniORB/orbcore/ssl/GNUmakefile
config.status:1021: creating src/lib/omniORB/orbcore/http/GNUmakefile
config.status:1021: creating src/lib/omniORB/connections/GNUmakefile
config.status:1021: creating src/lib/omniORB/ziop/GNUmakefile
config.status:1021: creating src/lib/omniORB/ziopdynamic/GNUmakefile
config.status:1021: creating src/lib/omniORB/httpcrypto/GNUmakefile
config.status:1021: creating src/lib/omnithread/GNUmakefile
config.status:1021: creating src/services/GNUmakefile
config.status:1021: creating src/services/mklib/GNUmakefile
config.status:1021: creating src/services/mklib/stublib/GNUmakefile
config.status:1021: creating src/services/mklib/dynstublib/GNUmakefile
config.status:1021: creating src/services/mklib/mkBOAlib/GNUmakefile
config.status:1021: creating src/tool/GNUmakefile
config.status:1021: creating src/tool/omkdepend/GNUmakefile
config.status:1021: creating src/tool/omniidl/cxx/cccp/GNUmakefile
config.status:1021: creating src/tool/omniidl/cxx/GNUmakefile
config.status:1021: creating src/tool/omniidl/GNUmakefile
config.status:1021: creating src/tool/omniidl/python2/GNUmakefile
config.status:1021: creating src/tool/omniidl/python2/omniidl_be/GNUmakefile
config.status:1021: creating src/tool/omniidl/python2/omniidl/GNUmakefile
config.status:1021: creating src/tool/omniidl/python2/scripts/GNUmakefile
config.status:1021: creating src/tool/omniidl/python3/GNUmakefile
config.status:1021: creating src/tool/omniidl/python3/omniidl_be/GNUmakefile
config.status:1021: creating src/tool/omniidl/python3/omniidl/GNUmakefile
config.status:1021: creating src/tool/omniidl/python3/scripts/GNUmakefile
config.status:1021: creating include/GNUmakefile
config.status:1021: creating include/omniconfig.h
config.status:1021: creating include/omnithread/GNUmakefile
config.status:1021: creating include/omniORB4/GNUmakefile
config.status:1021: creating include/omniORB4/internal/GNUmakefile
config.status:1021: creating idl/GNUmakefile
config.status:1021: creating idl/COS/GNUmakefile
config.status:1021: creating etc/init.d/omniNames
config.status:1021: creating contrib/GNUmakefile
config.status:1021: creating contrib/pkgconfig/GNUmakefile
config.status:1021: creating contrib/pkgconfig/omnithread3.pc
config.status:1021: creating contrib/pkgconfig/omniORB4.pc
config.status:1124: WARNING:  'contrib/pkgconfig/omniORB4.pc.in' seems to ignore the --datarootdir setting
config.status:1021: creating contrib/pkgconfig/omniDynamic4.pc
config.status:1021: creating contrib/pkgconfig/omniCOS4.pc
config.status:1124: WARNING:  'contrib/pkgconfig/omniCOS4.pc.in' seems to ignore the --datarootdir setting
config.status:1021: creating contrib/pkgconfig/omniCOSDynamic4.pc
config.status:1021: creating contrib/pkgconfig/omniConnectionMgmt4.pc
config.status:1021: creating contrib/pkgconfig/omniZIOP4.pc
config.status:1021: creating contrib/pkgconfig/omniZIOPDynamic4.pc
config.status:1021: creating include/omniORB4/acconfig_pre.h
config.status:1210: executing acconfig.h commands

## ---------------- ##
## Cache variables. ##
## ---------------- ##

ac_cv_build=x86_64-unknown-linux-gnu
ac_cv_c_bigendian=no
ac_cv_c_compiler_gnu=yes
ac_cv_cxx_bool=yes
ac_cv_cxx_compiler_gnu=yes
ac_cv_cxx_const_cast=yes
ac_cv_cxx_dynamic_cast=yes
ac_cv_cxx_exceptions=yes
ac_cv_cxx_have_std=yes
ac_cv_cxx_member_constants=yes
ac_cv_cxx_namespaces=yes
ac_cv_cxx_reinterpret_cast=yes
ac_cv_env_CCC_set=
ac_cv_env_CCC_value=
ac_cv_env_CC_set=
ac_cv_env_CC_value=
ac_cv_env_CFLAGS_set=
ac_cv_env_CFLAGS_value=
ac_cv_env_CPPFLAGS_set=
ac_cv_env_CPPFLAGS_value=
ac_cv_env_CPP_set=
ac_cv_env_CPP_value=
ac_cv_env_CXXFLAGS_set=
ac_cv_env_CXXFLAGS_value=
ac_cv_env_CXX_set=
ac_cv_env_CXX_value=
ac_cv_env_LDFLAGS_set=
ac_cv_env_LDFLAGS_value=
ac_cv_env_LIBS_set=
ac_cv_env_LIBS_value=
ac_cv_env_OPENSSL_CFLAGS_set=
ac_cv_env_OPENSSL_CFLAGS_value=
ac_cv_env_OPENSSL_LIBS_set=
ac_cv_env_OPENSSL_LIBS_value=
ac_cv_env_PKG_CONFIG_LIBDIR_set=
ac_cv_env_PKG_CONFIG_LIBDIR_value=
ac_cv_env_PKG_CONFIG_PATH_set=
ac_cv_env_PKG_CONFIG_PATH_value=
ac_cv_env_PKG_CONFIG_set=
ac_cv_env_PKG_CONFIG_value=
ac_cv_env_PYTHON_set=
ac_cv_env_PYTHON_value=
ac_cv_env_build_alias_set=
ac_cv_env_build_alias_value=
ac_cv_env_host_alias_set=
ac_cv_env_host_alias_value=
ac_cv_env_target_alias_set=
ac_cv_env_target_alias_value=
ac_cv_func_alloca_works=yes
ac_cv_func_getaddrinfo=yes
ac_cv_func_gethostname=yes
ac_cv_func_getnameinfo=yes
ac_cv_func_getopt=yes
ac_cv_func_getpid=yes
ac_cv_func_gettimeofday=yes
ac_cv_func_gmtime=yes
ac_cv_func_gmtime_r=yes
ac_cv_func_inet_ntop=yes
ac_cv_func_isinf=yes
ac_cv_func_isinff=yes
ac_cv_func_isinfl=yes
ac_cv_func_isnan=yes
ac_cv_func_isnanf=yes
ac_cv_func_isnanl=yes
ac_cv_func_localtime=yes
ac_cv_func_localtime_r=yes
ac_cv_func_nanosleep=yes
ac_cv_func_poll=yes
ac_cv_func_rand_r=yes
ac_cv_func_sigaction=yes
ac_cv_func_sigvec=no
ac_cv_func_snprintf=yes
ac_cv_func_strcasecmp=yes
ac_cv_func_strdup=yes
ac_cv_func_strerror=yes
ac_cv_func_strftime=yes
ac_cv_func_stricmp=no
ac_cv_func_strncasecmp=yes
ac_cv_func_strtoul=yes
ac_cv_func_strtoull=yes
ac_cv_func_strtouq=yes
ac_cv_func_uname=yes
ac_cv_func_vprintf=yes
ac_cv_func_vsnprintf=yes
ac_cv_header_errno_h=yes
ac_cv_header_fcntl_h=yes
ac_cv_header_ifaddrs_h=yes
ac_cv_header_inttypes_h=yes
ac_cv_header_nan_h=no
ac_cv_header_netdb_h=yes
ac_cv_header_signal_h=yes
ac_cv_header_stdint_h=yes
ac_cv_header_stdio_h=yes
ac_cv_header_stdlib_h=yes
ac_cv_header_string_h=yes
ac_cv_header_strings_h=yes
ac_cv_header_sys_if_h=no
ac_cv_header_sys_ioctl_h=yes
ac_cv_header_sys_param_h=yes
ac_cv_header_sys_poll_h=yes
ac_cv_header_sys_stat_h=yes
ac_cv_header_sys_time_h=yes
ac_cv_header_sys_types_h=yes
ac_cv_header_unistd_h=yes
ac_cv_header_zlib_h=yes
ac_cv_header_zstd_h=no
ac_cv_host=x86_64-unknown-linux-gnu
ac_cv_lib_z_compressBound=yes
ac_cv_lib_zstd_ZSTD_compress=no
ac_cv_member_struct_sockaddr_in_sin_len=no
ac_cv_member_struct_sockaddr_in_sin_zero=yes
ac_cv_objext=o
ac_cv_path_PKG_CONFIG=/usr/bin/pkg-config
ac_cv_path_PYTHON=/home/codespace/.python/current/bin/python
ac_cv_path_install='/usr/bin/install -c'
ac_cv_prog_CPP='gcc -E'
ac_cv_prog_ac_ct_CC=gcc
ac_cv_prog_ac_ct_CXX=g++
ac_cv_prog_ac_ct_RANLIB=ranlib
ac_cv_prog_cc_c11=
ac_cv_prog_cc_g=yes
ac_cv_prog_cc_stdc=
ac_cv_prog_cxx_cxx11=
ac_cv_prog_cxx_g=yes
ac_cv_prog_cxx_stdcxx=
ac_cv_prog_make_make_set=yes
ac_cv_search_getaddrinfo='none required'
ac_cv_sizeof_bool=1
ac_cv_sizeof_char=1
ac_cv_sizeof_double=8
ac_cv_sizeof_float=4
ac_cv_sizeof_int=4
ac_cv_sizeof_long=8
ac_cv_sizeof_long_double=16
ac_cv_sizeof_long_long=8
ac_cv_sizeof_short=2
ac_cv_sizeof_unsigned_char=1
ac_cv_sizeof_voidp=8
ac_cv_sizeof_wchar_t=4
ac_cv_type_size_t=yes
ac_cv_type_struct_lifconf=no
ac_cv_type_struct_sockaddr_in6=yes
ac_cv_type_struct_sockaddr_storage=yes
ac_cv_working_alloca_h=yes
am_cv_python_platform=linux
am_cv_python_pyexecdir='${PYTHON_EXEC_PREFIX}/lib/python3.12/site-packages'
am_cv_python_pythondir='${PYTHON_PREFIX}/lib/python3.12/site-packages'
am_cv_python_version=3.12
omni_cv_cxx_catch_by_base=yes
omni_cv_cxx_covariant_returns=yes
omni_cv_cxx_long_is_int=no
omni_cv_cxx_need_fq_base_ctor=no
omni_cv_enable_alloca=yes
omni_cv_enable_atomic=yes
omni_cv_enable_cfnetwork=no
omni_cv_enable_http_crypto=yes
omni_cv_enable_ipv6=yes
omni_cv_enable_longdouble=yes
omni_cv_enable_static=yes
omni_cv_enable_thread_tracing=no
omni_cv_enable_ziop=yes
omni_cv_enable_ziop_zlib=yes
omni_cv_enable_ziop_zstd=no
omni_cv_gettimeofday_timezone=yes
omni_cv_have_isnanorinf=no
omni_cv_omninames_logdir=/var/omninames
omni_cv_omniorb_config=/etc/omniORB.cfg
omni_cv_openssl_root=no
omni_cv_sig_ign_available=yes
omni_cv_sockname_size_t=socklen_t
omni_cv_sync_add_and_fetch=yes

## ----------------- ##
## Output variables. ##
## ----------------- ##

ALLOCA=''
CC='gcc'
CFLAGS='-O'
COMPILER_NAME='Compiler_GCC'
CPP='gcc -E'
CPPFLAGS=''
CROSS_COMPILING='no'
CXX='g++'
CXXFLAGS='-O3'
DEFS='-DHAVE_CONFIG_H'
ECHO_C=''
ECHO_N='-n'
ECHO_T=''
ENABLE_HTTP_CRYPTO='yes'
ENABLE_LONGDOUBLE='yes'
ENABLE_STATIC='yes'
ENABLE_ZIOP='yes'
ENABLE_ZIOP_ZLIB='yes'
ENABLE_ZIOP_ZSTD='no'
EXEEXT=''
EXTRA_GCC_CXXFLAGS=''
INSTALL_DATA='${INSTALL} -m 644'
INSTALL_PROGRAM='${INSTALL}'
INSTALL_SCRIPT='${INSTALL}'
LDFLAGS=''
LIBOBJS=''
LIBS=''
LTLIBOBJS=''
OBJEXT='o'
OMKDEPEND=''
OMNIIDL=''
OMNINAMES_LOGDIR='/var/omninames'
OMNIORB_CONFIG='/etc/omniORB.cfg'
OMNI_USE_CFNETWORK_CONNECT='no'
OPENSSL_CFLAGS=''
OPENSSL_LIBS=''
OPEN_SSL_CPPFLAGS=''
OPEN_SSL_LIB=''
OPEN_SSL_ROOT=''
OSVERSION='2'
PACKAGE_BUGREPORT='bugs@omniorb-support.com'
PACKAGE_NAME='omniORB'
PACKAGE_STRING='omniORB 4.3.2'
PACKAGE_TARNAME='omniorb'
PACKAGE_URL=''
PACKAGE_VERSION='4.3.2'
PATH_SEPARATOR=':'
PKG_CONFIG='/usr/bin/pkg-config'
PKG_CONFIG_LIBDIR=''
PKG_CONFIG_PATH=''
PLATFORM_DEFINE='__linux__'
PLATFORM_NAME='Linux'
PROCESSOR_DEFINE='__x86_64__'
PROCESSOR_NAME='x8664Processor'
PYTHON='/home/codespace/.python/current/bin/python'
PYTHON_EXEC_PREFIX='${exec_prefix}'
PYTHON_PLATFORM='linux'
PYTHON_PREFIX='${prefix}'
PYTHON_VERSION='3.12'
RANLIB='ranlib'
SET_MAKE=''
SHELL='/bin/bash'
ac_ct_CC='gcc'
ac_ct_CXX='g++'
bindir='${exec_prefix}/bin'
build='x86_64-unknown-linux-gnu'
build_alias=''
build_cpu='x86_64'
build_os='linux-gnu'
build_vendor='unknown'
datadir='${datarootdir}'
datarootdir='${prefix}/share'
docdir='${datarootdir}/doc/${PACKAGE_TARNAME}'
dvidir='${docdir}'
exec_prefix='${prefix}'
host='x86_64-unknown-linux-gnu'
host_alias=''
host_cpu='x86_64'
host_os='linux-gnu'
host_vendor='unknown'
htmldir='${docdir}'
includedir='${prefix}/include'
infodir='${datarootdir}/info'
libdir='${exec_prefix}/lib'
libexecdir='${exec_prefix}/libexec'
localedir='${datarootdir}/locale'
localstatedir='${prefix}/var'
mandir='${datarootdir}/man'
oldincludedir='/usr/include'
pdfdir='${docdir}'
pkgpyexecdir='${pyexecdir}/'
pkgpythondir='${pythondir}/'
prefix='/usr/local'
program_transform_name='s,x,x,'
psdir='${docdir}'
pyexecdir='${PYTHON_EXEC_PREFIX}/lib/python3.12/site-packages'
pythondir='${PYTHON_PREFIX}/lib/python3.12/site-packages'
runstatedir='${localstatedir}/run'
sbindir='${exec_prefix}/sbin'
sharedstatedir='${prefix}/com'
sysconfdir='${prefix}/etc'
target_alias=''

## ----------- ##
## confdefs.h. ##
## ----------- ##

/* confdefs.h */
#define PACKAGE_NAME "omniORB"
#define PACKAGE_TARNAME "omniorb"
#define PACKAGE_VERSION "4.3.2"
#define PACKAGE_STRING "omniORB 4.3.2"
#define PACKAGE_BUGREPORT "bugs@omniorb-support.com"
#define PACKAGE_URL ""
#define HAVE_STDIO_H 1
#define HAVE_STDLIB_H 1
#define HAVE_STRING_H 1
#define HAVE_INTTYPES_H 1
#define HAVE_STDINT_H 1
#define HAVE_STRINGS_H 1
#define HAVE_SYS_STAT_H 1
#define HAVE_SYS_TYPES_H 1
#define HAVE_UNISTD_H 1
#define STDC_HEADERS 1
#define HAVE_ERRNO_H 1
#define HAVE_FCNTL_H 1
#define HAVE_NETDB_H 1
#define HAVE_SIGNAL_H 1
#define HAVE_STDLIB_H 1
#define HAVE_STRING_H 1
#define HAVE_STRINGS_H 1
#define HAVE_UNISTD_H 1
#define HAVE_SYS_IOCTL_H 1
#define HAVE_SYS_PARAM_H 1
#define HAVE_SYS_TIME_H 1
#define HAVE_SYS_POLL_H 1
#define HAVE_IFADDRS_H 1
#define HAVE_ZLIB_H 1
#define SIZEOF_CHAR 1
#define SIZEOF_UNSIGNED_CHAR 1
#define SIZEOF_BOOL 1
#define SIZEOF_SHORT 2
#define SIZEOF_INT 4
#define SIZEOF_LONG 8
#define SIZEOF_LONG_LONG 8
#define SIZEOF_FLOAT 4
#define SIZEOF_DOUBLE 8
#define SIZEOF_LONG_DOUBLE 16
#define SIZEOF_WCHAR_T 4
#define SIZEOF_VOIDP 8
#define HAVE_STRUCT_SOCKADDR_IN6 1
#define HAVE_STRUCT_SOCKADDR_STORAGE 1
#define HAVE_STRUCT_SOCKADDR_IN_SIN_ZERO 1
#define HAVE_BOOL /**/
#define HAVE_CONST_CAST /**/
#define HAVE_DYNAMIC_CAST /**/
#define HAVE_REINTERPRET_CAST /**/
#define HAVE_NAMESPACES /**/
#define HAVE_STD /**/
#define HAVE_MEMBER_CONSTANTS /**/
#define HAVE_EXCEPTIONS /**/
#define HAVE_CATCH_BY_BASE /**/
#define HAVE_COVARIANT_RETURNS /**/
#define HAVE_GETADDRINFO 1
#define HAVE_GETHOSTNAME 1
#define HAVE_GETOPT 1
#define HAVE_GETPID 1
#define HAVE_GETTIMEOFDAY 1
#define HAVE_GETNAMEINFO 1
#define HAVE_GMTIME 1
#define HAVE_GMTIME_R 1
#define HAVE_INET_NTOP 1
#define HAVE_ISINF 1
#define HAVE_ISINFF 1
#define HAVE_ISINFL 1
#define HAVE_ISNAN 1
#define HAVE_ISNANF 1
#define HAVE_ISNANL 1
#define HAVE_LOCALTIME 1
#define HAVE_LOCALTIME_R 1
#define HAVE_NANOSLEEP 1
#define HAVE_POLL 1
#define HAVE_RAND_R 1
#define HAVE_SIGACTION 1
#define HAVE_SNPRINTF 1
#define HAVE_STRCASECMP 1
#define HAVE_STRDUP 1
#define HAVE_STRERROR 1
#define HAVE_STRFTIME 1
#define HAVE_STRNCASECMP 1
#define HAVE_STRTOUL 1
#define HAVE_STRTOULL 1
#define HAVE_STRTOUQ 1
#define HAVE_UNAME 1
#define HAVE_VPRINTF 1
#define HAVE_VSNPRINTF 1
#define HAVE_ALLOCA_H 1
#define HAVE_ALLOCA 1
#define HAVE_SIG_IGN /**/
#define GETTIMEOFDAY_TIMEZONE /**/
#define SOCKNAME_SIZE_T socklen_t
#define HAVE_SYNC_ADD_AND_FETCH /**/
#define ENABLE_ZIOP_ZLIB /**/
#define ENABLE_ZIOP /**/

configure: exit 0
